\BOOKMARK [0][-]{chapter*.1}{\376\377\000T\000a\000b\000l\000e\000\040\000d\000e\000s\000\040\000m\000a\000t\000i\000\350\000r\000e\000s}{}% 1
\BOOKMARK [0][-]{chapter*.2}{\376\377\000T\000a\000b\000l\000e\000\040\000d\000e\000s\000\040\000f\000i\000g\000u\000r\000e\000s}{}% 2
\BOOKMARK [0][-]{chapter*.3}{\376\377\000L\000i\000s\000t\000e\000\040\000d\000e\000s\000\040\000t\000a\000b\000l\000e\000a\000u\000x}{}% 3
\BOOKMARK [0][-]{chapter*.4}{\376\377\000I\000n\000t\000r\000o\000d\000u\000c\000t\000i\000o\000n\000\040\000g\000\351\000n\000\351\000r\000a\000l\000e}{}% 4
\BOOKMARK [0][-]{chapter.1}{\376\377\000\040\000E\000t\000u\000d\000e\000\040\000p\000r\000\351\000l\000i\000m\000i\000n\000a\000i\000r\000e\000\040\000d\000u\000\040\000p\000r\000o\000j\000e\000t\000\040}{}% 5
\BOOKMARK [1][-]{section*.5}{\376\377\000I\000n\000t\000r\000o\000d\000u\000c\000t\000i\000o\000n}{chapter.1}% 6
\BOOKMARK [1][-]{section.1.1}{\376\377\000P\000r\000\351\000s\000e\000n\000t\000a\000t\000i\000o\000n\000\040\000d\000e\000\040\000l\040\031\000o\000r\000g\000a\000n\000i\000s\000m\000e\000\040\000d\040\031\000a\000c\000c\000u\000e\000i\000l}{chapter.1}% 7
\BOOKMARK [2][-]{subsection.1.1.1}{\376\377\000\040\000O\000r\000g\000a\000n\000i\000g\000r\000a\000m\000m\000e\000\040\000d\000e\000\040\000l\040\031\000e\000n\000t\000r\000e\000p\000r\000i\000s\000e\000\040}{section.1.1}% 8
\BOOKMARK [2][-]{subsection.1.1.2}{\376\377\000\040\000L\000e\000s\000\040\000a\000c\000t\000i\000v\000i\000t\000\351\000s\000\040\000d\000e\000\040\000D\000i\000g\000i\000t\000a\000l\000\040\000I\000d\000e\000n\000t\000i\000t\000y\000\040\000:\000\040}{section.1.1}% 9
\BOOKMARK [1][-]{section.1.2}{\376\377\000C\000a\000d\000r\000e\000\040\000d\000u\000\040\000p\000r\000o\000j\000e\000t}{chapter.1}% 10
\BOOKMARK [2][-]{subsection.1.2.1}{\376\377\000\040\000P\000r\000o\000b\000l\000\351\000m\000a\000t\000i\000q\000u\000e}{section.1.2}% 11
\BOOKMARK [2][-]{subsection.1.2.2}{\376\377\000\040\000S\000o\000l\000u\000t\000i\000o\000n\000\040\000p\000r\000o\000p\000o\000s\000\351\000e}{section.1.2}% 12
\BOOKMARK [1][-]{section.1.3}{\376\377\000M\000\351\000t\000h\000o\000d\000o\000l\000o\000g\000i\000e\000\040\000e\000t\000\040\000l\000a\000n\000g\000a\000g\000e\000\040\000d\000e\000\040\000c\000o\000n\000c\000e\000p\000t\000i\000o\000n}{chapter.1}% 13
\BOOKMARK [2][-]{subsection.1.3.1}{\376\377\000\040\000M\000\351\000t\000h\000o\000d\000e\000s\000\040\000a\000g\000i\000l\000e\000s}{section.1.3}% 14
\BOOKMARK [2][-]{subsection.1.3.2}{\376\377\000\040\000P\000r\000i\000n\000c\000i\000p\000e\000s\000\040\000d\000u\000\040\000f\000r\000a\000m\000e\000w\000o\000r\000k\000\040\000S\000c\000r\000u\000m}{section.1.3}% 15
\BOOKMARK [2][-]{subsection.1.3.3}{\376\377\000\040\000R\000\364\000l\000e\000s\000\040\000d\000u\000\040\000f\000r\000a\000m\000e\000w\000o\000r\000k\000\040\000S\000c\000r\000u\000m}{section.1.3}% 16
\BOOKMARK [2][-]{subsection.1.3.4}{\376\377\000\040\000L\000a\000n\000g\000a\000g\000e\000\040\000d\000e\000\040\000m\000o\000d\000\351\000l\000i\000s\000a\000t\000i\000o\000n}{section.1.3}% 17
\BOOKMARK [1][-]{section.1.4}{\376\377\000E\000n\000v\000i\000r\000o\000n\000n\000e\000m\000e\000n\000t\000\040\000d\000e\000\040\000t\000r\000a\000v\000a\000i\000l}{chapter.1}% 18
\BOOKMARK [2][-]{subsection.1.4.1}{\376\377\000\040\000L\000a\000n\000g\000a\000g\000e\000s\000\040\000e\000t\000\040\000f\000r\000a\000m\000e\000w\000o\000r\000k\000\040\000u\000t\000i\000l\000i\000s\000\351\000s\000\040}{section.1.4}% 19
\BOOKMARK [2][-]{subsection.1.4.2}{\376\377\000E\000n\000v\000i\000r\000o\000n\000n\000e\000m\000e\000n\000t\000\040\000m\000a\000t\000\351\000r\000i\000e\000l}{section.1.4}% 20
\BOOKMARK [2][-]{subsection.1.4.3}{\376\377\000\040\000E\000n\000v\000i\000r\000o\000n\000n\000e\000m\000e\000n\000t\000\040\000l\000o\000g\000i\000c\000i\000e\000l\000\040}{section.1.4}% 21
\BOOKMARK [1][-]{section.1.5}{\376\377\000O\000r\000g\000a\000n\000i\000s\000a\000t\000i\000o\000n\000\040\000d\000u\000\040\000t\000r\000a\000v\000a\000i\000l}{chapter.1}% 22
\BOOKMARK [1][-]{section*.6}{\376\377\000C\000o\000n\000c\000l\000u\000s\000i\000o\000n}{chapter.1}% 23
\BOOKMARK [0][-]{chapter.2}{\376\377\000\040\000P\000l\000a\000n\000i\000f\000i\000c\000a\000t\000i\000o\000n\000\040\000d\000u\000\040\000p\000r\000o\000j\000e\000t}{}% 24
\BOOKMARK [1][-]{section*.7}{\376\377\000I\000n\000t\000r\000o\000d\000u\000c\000t\000i\000o\000n}{chapter.2}% 25
\BOOKMARK [1][-]{section.2.1}{\376\377\000S\000p\000\351\000c\000i\000f\000i\000c\000a\000t\000i\000o\000n\000\040\000d\000e\000s\000\040\000b\000e\000s\000o\000i\000n\000s}{chapter.2}% 26
\BOOKMARK [2][-]{subsection.2.1.1}{\376\377\000I\000d\000e\000n\000t\000i\000f\000i\000c\000a\000t\000i\000o\000n\000\040\000d\000e\000s\000\040\000a\000c\000t\000e\000u\000r\000s}{section.2.1}% 27
\BOOKMARK [2][-]{subsection.2.1.2}{\376\377\000B\000e\000s\000o\000i\000n\000s\000\040\000f\000o\000n\000c\000t\000i\000o\000n\000n\000e\000l\000s}{section.2.1}% 28
\BOOKMARK [2][-]{subsection.2.1.3}{\376\377\000B\000e\000s\000o\000i\000n\000s\000\040\000n\000o\000n\000\040\000f\000o\000n\000c\000t\000i\000o\000n\000n\000e\000l\000s}{section.2.1}% 29
\BOOKMARK [2][-]{subsection.2.1.4}{\376\377\000D\000i\000a\000g\000r\000a\000m\000m\000e\000\040\000d\000e\000\040\000c\000a\000s\000\040\000d\000'\000u\000t\000i\000l\000i\000s\000a\000t\000i\000o\000n}{section.2.1}% 30
\BOOKMARK [1][-]{section.2.2}{\376\377\000P\000i\000l\000o\000t\000a\000g\000e\000\040\000d\000u\000\040\000p\000r\000o\000j\000e\000t\000\040\000a\000v\000e\000c\000\040\000S\000c\000r\000u\000m}{chapter.2}% 31
\BOOKMARK [2][-]{subsection.2.2.1}{\376\377\000\311\000q\000u\000i\000p\000e\000\040\000e\000t\000\040\000r\000\364\000l\000e\000s}{section.2.2}% 32
\BOOKMARK [2][-]{subsection.2.2.2}{\376\377\000C\000o\000n\000t\000r\000a\000i\000n\000t\000e\000s\000\040\000e\000t\000\040\000e\000x\000i\000g\000e\000n\000c\000e\000s}{section.2.2}% 33
\BOOKMARK [2][-]{subsection.2.2.3}{\376\377\000R\000i\000s\000q\000u\000e\000s}{section.2.2}% 34
\BOOKMARK [2][-]{subsection.2.2.4}{\376\377\000B\000a\000c\000k\000l\000o\000g\000\040\000d\000u\000\040\000p\000r\000o\000d\000u\000i\000t}{section.2.2}% 35
\BOOKMARK [1][-]{section.2.3}{\376\377\000C\000o\000n\000c\000e\000p\000t\000i\000o\000n\000\040\000d\000e\000\040\000l\000'\000a\000p\000p\000l\000i\000c\000a\000t\000i\000o\000n}{chapter.2}% 36
\BOOKMARK [2][-]{subsection.2.3.1}{\376\377\000P\000r\000o\000t\000o\000t\000y\000p\000e\000s\000\040\000d\000e\000\040\000l\000'\000a\000p\000p\000l\000i\000c\000a\000t\000i\000o\000n}{section.2.3}% 37
\BOOKMARK [2][-]{subsection.2.3.2}{\376\377\000C\000h\000a\000r\000t\000e\000\040\000G\000r\000a\000p\000h\000i\000q\000u\000e}{section.2.3}% 38
\BOOKMARK [2][-]{subsection.2.3.3}{\376\377\000P\000l\000a\000n\000\040\000d\000e\000\040\000l\000'\000a\000p\000p\000l\000i\000c\000a\000t\000i\000o\000n}{section.2.3}% 39
\BOOKMARK [2][-]{subsection.2.3.4}{\376\377\000D\000i\000a\000g\000r\000a\000m\000m\000e\000\040\000d\000e\000\040\000c\000l\000a\000s\000s\000e\000\040\000d\000u\000\040\000d\000o\000m\000a\000i\000n\000e}{section.2.3}% 40
\BOOKMARK [2][-]{subsection.2.3.5}{\376\377\000D\000i\000a\000g\000r\000a\000m\000m\000e\000\040\000d\000e\000\040\000G\000a\000n\000t\000t\000\040}{section.2.3}% 41
\BOOKMARK [1][-]{section*.13}{\376\377\000C\000o\000n\000c\000l\000u\000s\000i\000o\000n}{chapter.2}% 42
\BOOKMARK [0][-]{chapter.3}{\376\377\000\040\000S\000p\000r\000i\000n\000t\000\040\0001\000\040\000:\000\040\000G\000e\000s\000t\000i\000o\000n\000\040\000d\000e\000s\000\040\000a\000c\000c\000\350\000s}{}% 43
\BOOKMARK [1][-]{section*.14}{\376\377\000I\000n\000t\000r\000o\000d\000u\000c\000t\000i\000o\000n}{chapter.3}% 44
\BOOKMARK [1][-]{section.3.1}{\376\377\000S\000p\000r\000i\000n\000t\000\040\000B\000a\000c\000k\000l\000o\000g}{chapter.3}% 45
\BOOKMARK [1][-]{section.3.2}{\376\377\000A\000n\000a\000l\000y\000s\000e\000\040\000e\000t\000\040\000c\000o\000n\000c\000e\000p\000t\000i\000o\000n}{chapter.3}% 46
\BOOKMARK [2][-]{subsection.3.2.1}{\376\377\000D\000i\000a\000g\000r\000a\000m\000m\000e\000\040\000d\000e\000\040\000c\000a\000s\000\040\000d\040\031\000u\000t\000i\000l\000i\000s\000a\000t\000i\000o\000n\000\040\000d\000u\000\040\000s\000p\000r\000i\000n\000t\000\040\0001}{section.3.2}% 47
\BOOKMARK [2][-]{subsection.3.2.2}{\376\377\000D\000i\000a\000g\000r\000a\000m\000m\000e\000\040\000d\000e\000\040\000s\000\351\000q\000u\000e\000n\000c\000e\000\040\000s\000y\000s\000t\000\350\000m\000e\000\040\000d\000u\000\040\000c\000a\000s\000\040\000d\040\031\000u\000t\000i\000l\000i\000s\000a\000t\000i\000o\000n\000\040\000\253\000S\040\031\000a\000u\000t\000h\000e\000n\000t\000i\000f\000i\000e\000r\000\273}{section.3.2}% 48
\BOOKMARK [2][-]{subsection.3.2.3}{\376\377\000D\000e\000s\000c\000r\000i\000p\000t\000i\000o\000n\000\040\000t\000e\000x\000t\000u\000e\000l\000l\000e\000\040\000d\000u\000\040\000c\000a\000s\000\040\000d\040\031\000u\000t\000i\000l\000i\000s\000a\000t\000i\000o\000n\000\040\040\034\000S\040\031\000a\000u\000t\000h\000e\000n\000t\000i\000f\000i\000e\000r\040\035}{section.3.2}% 49
\BOOKMARK [2][-]{subsection.3.2.4}{\376\377\000R\000a\000f\000f\000i\000n\000e\000m\000e\000n\000t\000\040\000d\000u\000\040\000c\000a\000s\000\040\000d\000'\000u\000t\000i\000l\000i\000s\000a\000t\000i\000o\000n\000\040\000\253\000\040\000G\000\351\000r\000e\000r\000\040\000l\000e\000s\000\040\000u\000t\000i\000l\000i\000s\000a\000t\000e\000u\000r\000s\000\040\000\273}{section.3.2}% 50
\BOOKMARK [2][-]{subsection.3.2.5}{\376\377\000D\000i\000a\000g\000r\000a\000m\000m\000e\000\040\000d\000e\000\040\000s\000\351\000q\000u\000e\000n\000c\000e\000\040\000s\000y\000s\000t\000\350\000m\000e\000\040\000d\000u\000\040\000c\000a\000s\000\040\000d\040\031\000u\000t\000i\000l\000i\000s\000a\000t\000i\000o\000n\000\040\000\253\000A\000j\000o\000u\000t\000e\000r\000\040\000u\000t\000i\000l\000i\000s\000a\000t\000e\000u\000r\000\273}{section.3.2}% 51
\BOOKMARK [2][-]{subsection.3.2.6}{\376\377\000D\000e\000s\000c\000r\000i\000p\000t\000i\000o\000n\000\040\000t\000e\000x\000t\000u\000e\000l\000l\000e\000\040\000d\000u\000\040\000c\000a\000s\000\040\000d\040\031\000u\000t\000i\000l\000i\000s\000a\000t\000i\000o\000n\000\040\040\034\000A\000j\000o\000u\000t\000e\000r\000\040\000u\000t\000i\000l\000i\000s\000a\000t\000e\000u\000r\040\035}{section.3.2}% 52
\BOOKMARK [1][-]{section.3.3}{\376\377\000D\000i\000a\000g\000r\000a\000m\000m\000e\000\040\000d\000e\000\040\000c\000l\000a\000s\000s\000e\000s\000\040\000d\000u\000\040\000s\000p\000r\000i\000n\000t\000\040\0001}{chapter.3}% 53
\BOOKMARK [1][-]{section.3.4}{\376\377\000\040\000R\000\351\000a\000l\000i\000s\000a\000t\000i\000o\000n}{chapter.3}% 54
\BOOKMARK [2][-]{subsection.3.4.1}{\376\377\000A\000u\000t\000h\000e\000n\000t\000i\000f\000i\000c\000a\000t\000i\000o\000n}{section.3.4}% 55
\BOOKMARK [2][-]{subsection.3.4.2}{\376\377\000\040\000P\000r\000o\000f\000i\000l}{section.3.4}% 56
\BOOKMARK [2][-]{subsection.3.4.3}{\376\377\000G\000e\000s\000t\000i\000o\000n\000\040\000d\000e\000s\000\040\000u\000t\000i\000l\000i\000s\000a\000t\000e\000u\000r\000s}{section.3.4}% 57
\BOOKMARK [2][-]{subsection.3.4.4}{\376\377\000C\000r\000\351\000a\000t\000i\000o\000n\000\040\000d\000'\000u\000n\000\040\000n\000o\000u\000v\000e\000l\000\040\000u\000t\000i\000l\000i\000s\000a\000t\000e\000u\000r}{section.3.4}% 58
\BOOKMARK [1][-]{section.3.5}{\376\377\000R\000\351\000t\000r\000o\000s\000p\000e\000c\000t\000i\000v\000e}{chapter.3}% 59
\BOOKMARK [2][-]{subsection.3.5.1}{\376\377\000B\000u\000r\000d\000o\000w\000n\000\040\000C\000h\000a\000r\000t}{section.3.5}% 60
\BOOKMARK [2][-]{subsection.3.5.2}{\376\377\000T\000a\000s\000k\000\040\000B\000o\000r\000d}{section.3.5}% 61
\BOOKMARK [1][-]{section.3.6}{\376\377\000T\000e\000s\000t\000s\000\040\000u\000n\000i\000t\000a\000i\000r\000e\000s}{chapter.3}% 62
\BOOKMARK [1][-]{section*.15}{\376\377\000C\000o\000n\000c\000l\000u\000s\000i\000o\000n}{chapter.3}% 63
\BOOKMARK [0][-]{chapter.4}{\376\377\000\040\000S\000p\000r\000i\000n\000t\000\040\0002\000\040\000:\000\040\000G\000e\000s\000t\000i\000o\000n\000\040\000d\000e\000s\000\040\000T\000\342\000c\000h\000e\000s\000\040}{}% 64
\BOOKMARK [1][-]{section*.16}{\376\377\000I\000n\000t\000r\000o\000d\000u\000c\000t\000i\000o\000n}{chapter.4}% 65
\BOOKMARK [1][-]{section.4.1}{\376\377\000S\000p\000r\000i\000n\000t\000\040\000B\000a\000c\000k\000l\000o\000g}{chapter.4}% 66
\BOOKMARK [1][-]{section.4.2}{\376\377\000A\000n\000a\000l\000y\000s\000e\000\040\000e\000t\000\040\000c\000o\000n\000c\000e\000p\000t\000i\000o\000n}{chapter.4}% 67
\BOOKMARK [2][-]{subsection.4.2.1}{\376\377\000D\000i\000a\000g\000r\000a\000m\000m\000e\000\040\000d\000e\000\040\000c\000a\000s\000\040\000d\040\031\000u\000t\000i\000l\000i\000s\000a\000t\000i\000o\000n\000\040\000d\000u\000\040\000s\000p\000r\000i\000n\000t\000\040\0002\000\040}{section.4.2}% 68
\BOOKMARK [2][-]{subsection.4.2.2}{\376\377\000R\000a\000f\000f\000i\000n\000e\000m\000e\000n\000t\000\040\000d\000u\000\040\000c\000a\000s\000\040\000d\000'\000u\000t\000i\000l\000i\000s\000a\000t\000i\000o\000n\000\040\000\253\000\040\000G\000\351\000r\000e\000r\000\040\000l\000e\000s\000\040\000v\000\351\000h\000i\000c\000u\000l\000e\000s\000\040\000\273}{section.4.2}% 69
\BOOKMARK [2][-]{subsection.4.2.3}{\376\377\000D\000e\000s\000c\000r\000i\000p\000t\000i\000o\000n\000\040\000t\000e\000x\000t\000u\000e\000l\000l\000e\000\040\000d\000u\000\040\000c\000a\000s\000\040\000d\040\031\000u\000t\000i\000l\000i\000s\000a\000t\000i\000o\000n\000\040\000\253\000\040\000A\000j\000o\000u\000t\000e\000r\000\040\000v\000\351\000h\000i\000c\000u\000l\000e\000s\000\040\000\273}{section.4.2}% 70
\BOOKMARK [2][-]{subsection.4.2.4}{\376\377\000D\000i\000a\000g\000r\000a\000m\000m\000e\000\040\000d\000e\000\040\000s\000\351\000q\000u\000e\000n\000c\000e\000\040\000s\000y\000s\000t\000\350\000m\000e\000\040\000d\000u\000\040\000c\000a\000s\000\040\000d\040\031\000u\000t\000i\000l\000i\000s\000a\000t\000i\000o\000n\000\040\000\253\000\040\000A\000j\000o\000u\000t\000e\000r\000\040\000d\000e\000s\000\040\000v\000\351\000h\000i\000c\000u\000l\000e\000s\000\040\000\273}{section.4.2}% 71
\BOOKMARK [2][-]{subsection.4.2.5}{\376\377\000R\000a\000f\000f\000i\000n\000e\000m\000e\000n\000t\000\040\000d\000u\000\040\000c\000a\000s\000\040\000d\000'\000u\000t\000i\000l\000i\000s\000a\000t\000i\000o\000n\000\040\000\253\000\040\000C\000r\000\351\000e\000r\000\040\000l\000e\000s\000\040\000t\000a\000c\000h\000e\000s\000\040\000\273}{section.4.2}% 72
\BOOKMARK [2][-]{subsection.4.2.6}{\376\377\000D\000e\000s\000c\000r\000i\000p\000t\000i\000o\000n\000\040\000t\000e\000x\000t\000u\000e\000l\000l\000e\000\040\000d\000u\000\040\000c\000a\000s\000\040\000d\040\031\000u\000t\000i\000l\000i\000s\000a\000t\000i\000o\000n\000\040\000\253\000\040\000C\000r\000\351\000e\000r\000\040\000d\000e\000s\000\040\000T\000\342\000c\000h\000e\000s\000\040\000p\000o\000u\000r\000\040\000l\000e\000s\000\040\000M\000\351\000c\000a\000n\000i\000c\000i\000e\000n\000s\000\040\000\273}{section.4.2}% 73
\BOOKMARK [2][-]{subsection.4.2.7}{\376\377\000D\000e\000s\000c\000r\000i\000p\000t\000i\000o\000n\000\040\000t\000e\000x\000t\000u\000e\000l\000l\000e\000\040\000d\000u\000\040\000c\000a\000s\000\040\000d\040\031\000u\000t\000i\000l\000i\000s\000a\000t\000i\000o\000n\000\040\000\253\000\040\000C\000r\000\351\000e\000r\000\040\000d\000e\000s\000\040\000T\000\342\000c\000h\000e\000s\000\040\000p\000o\000u\000r\000\040\000l\000e\000s\000\040\000C\000h\000a\000u\000f\000f\000e\000u\000r\000s\000\040\000\273}{section.4.2}% 74
\BOOKMARK [2][-]{subsection.4.2.8}{\376\377\000D\000i\000a\000g\000r\000a\000m\000m\000e\000\040\000d\000e\000\040\000s\000\351\000q\000u\000e\000n\000c\000e\000\040\000s\000y\000s\000t\000\350\000m\000e\000\040\000d\000u\000\040\000c\000a\000s\000\040\000d\040\031\000u\000t\000i\000l\000i\000s\000a\000t\000i\000o\000n\000\040\000\253\000C\000r\000\351\000e\000r\000\040\000l\000e\000s\000\040\000t\000a\000c\000h\000e\000s\000\273}{section.4.2}% 75
\BOOKMARK [2][-]{subsection.4.2.9}{\376\377\000R\000a\000f\000f\000i\000n\000e\000m\000e\000n\000t\000\040\000d\000u\000\040\000c\000a\000s\000\040\000d\000'\000u\000t\000i\000l\000i\000s\000a\000t\000i\000o\000n\000\040\000\253\000\040\000C\000o\000n\000s\000u\000l\000t\000e\000r\000\040\000l\000e\000s\000\040\000t\000a\000c\000h\000e\000s\000\040\000p\000o\000u\000r\000\040\000l\000e\000s\000\040\000c\000h\000a\000u\000f\000f\000e\000u\000r\000s\000\040\000\273}{section.4.2}% 76
\BOOKMARK [2][-]{subsection.4.2.10}{\376\377\000D\000e\000s\000c\000r\000i\000p\000t\000i\000o\000n\000\040\000t\000e\000x\000t\000u\000e\000l\000l\000e\000\040\000d\000u\000\040\000c\000a\000s\000\040\000d\040\031\000u\000t\000i\000l\000i\000s\000a\000t\000i\000o\000n\000\040\000\253\000\040\000C\000o\000n\000s\000u\000l\000t\000e\000r\000\040\000l\000e\000s\000\040\000t\000a\000c\000h\000e\000s\000\040\000p\000o\000u\000r\000\040\000l\000e\000s\000\040\000c\000h\000a\000u\000f\000f\000e\000u\000r\000s\000\040\000\273}{section.4.2}% 77
\BOOKMARK [2][-]{subsection.4.2.11}{\376\377\000D\000i\000a\000g\000r\000a\000m\000m\000e\000\040\000d\000'\000a\000c\000t\000i\000v\000i\000t\000\351\000\040\000d\000u\000\040\000c\000a\000s\000\040\000d\040\031\000u\000t\000i\000l\000i\000s\000a\000t\000i\000o\000n\000\040\000\253\000C\000o\000n\000s\000u\000l\000t\000e\000r\000\040\000l\000e\000s\000\040\000t\000a\000c\000h\000e\000s\000\040\000d\000e\000s\000\040\000c\000h\000a\000u\000f\000f\000e\000u\000r\000s\000\273\000\040}{section.4.2}% 78
\BOOKMARK [2][-]{subsection.4.2.12}{\376\377\000R\000a\000f\000f\000i\000n\000e\000m\000e\000n\000t\000\040\000d\000u\000\040\000c\000a\000s\000\040\000d\000'\000u\000t\000i\000l\000i\000s\000a\000t\000i\000o\000n\000\040\000\253\000\040\000C\000o\000n\000s\000u\000l\000t\000e\000r\000\040\000l\000e\000s\000\040\000t\000a\000c\000h\000e\000s\000\040\000p\000o\000u\000r\000\040\000l\000e\000s\000\040\000m\000\351\000c\000a\000n\000i\000c\000i\000e\000n\000s\000\040\000\273}{section.4.2}% 79
\BOOKMARK [2][-]{subsection.4.2.13}{\376\377\000D\000e\000s\000c\000r\000i\000p\000t\000i\000o\000n\000\040\000t\000e\000x\000t\000u\000e\000l\000l\000e\000\040\000d\000u\000\040\000c\000a\000s\000\040\000d\040\031\000u\000t\000i\000l\000i\000s\000a\000t\000i\000o\000n\000\040\000\253\000\040\000C\000o\000n\000s\000u\000l\000t\000e\000r\000\040\000l\000e\000s\000\040\000t\000a\000c\000h\000e\000s\000\040\000p\000o\000u\000r\000\040\000l\000e\000s\000\040\000m\000\351\000c\000a\000n\000i\000c\000i\000e\000n\000s\000\040\000\273}{section.4.2}% 80
\BOOKMARK [1][-]{section.4.3}{\376\377\000D\000i\000a\000g\000r\000a\000m\000m\000e\000\040\000d\000e\000\040\000c\000l\000a\000s\000s\000e\000s\000\040\000d\000u\000\040\000s\000p\000r\000i\000n\000t\000\040\0002}{chapter.4}% 81
\BOOKMARK [1][-]{section.4.4}{\376\377\000\040\000R\000\351\000a\000l\000i\000s\000a\000t\000i\000o\000n}{chapter.4}% 82
\BOOKMARK [2][-]{subsection.4.4.1}{\376\377\000I\000n\000t\000e\000r\000f\000a\000c\000e\000\040\000d\000e\000\040\000c\000r\000\351\000a\000t\000i\000o\000n\000\040\000d\000e\000s\000\040\000t\000a\000c\000h\000e\000s}{section.4.4}% 83
\BOOKMARK [2][-]{subsection.4.4.2}{\376\377\000C\000o\000n\000s\000u\000l\000t\000a\000t\000i\000o\000n\000\040\000d\000u\000\040\000c\000h\000e\000c\000k\000l\000i\000s\000t\000\040\000d\000u\000\040\000c\000h\000a\000u\000f\000f\000e\000u\000r}{section.4.4}% 84
\BOOKMARK [2][-]{subsection.4.4.3}{\376\377\000C\000o\000n\000s\000u\000l\000a\000t\000i\000o\000n\000\040\000d\000e\000s\000\040\000t\000a\000c\000h\000e\000s\000\040\000d\000u\000\040\000m\000\351\000c\000a\000n\000i\000c\000i\000e\000n\000\040}{section.4.4}% 85
\BOOKMARK [1][-]{section.4.5}{\376\377\000R\000\351\000t\000r\000o\000s\000p\000e\000c\000t\000i\000v\000e}{chapter.4}% 86
\BOOKMARK [2][-]{subsection.4.5.1}{\376\377\000B\000u\000r\000d\000o\000w\000n\000\040\000C\000h\000a\000r\000t}{section.4.5}% 87
\BOOKMARK [2][-]{subsection.4.5.2}{\376\377\000T\000a\000s\000k\000\040\000B\000o\000r\000d}{section.4.5}% 88
\BOOKMARK [1][-]{section.4.6}{\376\377\000t\000e\000s\000t\000s\000\040\000u\000n\000i\000t\000a\000i\000r\000e\000s}{chapter.4}% 89
\BOOKMARK [1][-]{section*.17}{\376\377\000C\000o\000n\000c\000l\000u\000s\000i\000o\000n}{chapter.4}% 90
\BOOKMARK [0][-]{chapter.5}{\376\377\000S\000p\000r\000i\000n\000t\000\040\0003\000\040\000:\000\040\000S\000u\000i\000v\000i\000\040\000e\000t\000\040\000C\000r\000\351\000a\000t\000i\000o\000n\000\040\000d\000e\000s\000\040\000R\000a\000p\000p\000o\000r\000t\000s}{}% 91
\BOOKMARK [1][-]{section*.18}{\376\377\000I\000n\000t\000r\000o\000d\000u\000c\000t\000i\000o\000n}{chapter.5}% 92
\BOOKMARK [1][-]{section.5.1}{\376\377\000S\000p\000r\000i\000n\000t\000\040\000B\000a\000c\000k\000l\000o\000g}{chapter.5}% 93
\BOOKMARK [1][-]{section.5.2}{\376\377\000A\000n\000a\000l\000y\000s\000e\000\040\000e\000t\000\040\000c\000o\000n\000c\000e\000p\000t\000i\000o\000n}{chapter.5}% 94
\BOOKMARK [2][-]{subsection.5.2.1}{\376\377\000D\000i\000a\000g\000r\000a\000m\000m\000e\000\040\000d\000e\000\040\000c\000a\000s\000\040\000d\040\031\000u\000t\000i\000l\000i\000s\000a\000t\000i\000o\000n\000\040\000d\000u\000\040\000s\000p\000r\000i\000n\000t\000\040\0003}{section.5.2}% 95
\BOOKMARK [2][-]{subsection.5.2.2}{\376\377\000D\000e\000s\000c\000r\000i\000p\000t\000i\000o\000n\000\040\000t\000e\000x\000t\000u\000e\000l\000l\000e\000\040\000d\000u\000\040\000c\000a\000s\000\040\000d\040\031\000u\000t\000i\000l\000i\000s\000a\000t\000i\000o\000n\000\040\000\253\000\040\000S\000u\000i\000v\000i\000\040\000e\000n\000\040\000T\000e\000m\000p\000s\000\040\000R\000\351\000e\000l\000\040\000p\000a\000r\000\040\000G\000\351\000o\000l\000o\000c\000a\000l\000i\000s\000a\000t\000i\000o\000n\000\040\000\273}{section.5.2}% 96
\BOOKMARK [2][-]{subsection.5.2.3}{\376\377\000D\000e\000s\000c\000r\000i\000p\000t\000i\000o\000n\000\040\000t\000e\000x\000t\000u\000e\000l\000l\000e\000\040\000d\000u\000\040\000c\000a\000s\000\040\000d\040\031\000u\000t\000i\000l\000i\000s\000a\000t\000i\000o\000n\000\040\000\253\000\040\000P\000l\000a\000n\000i\000f\000i\000e\000r\000\040\000l\000e\000s\000\040\000d\000\351\000p\000l\000a\000c\000e\000m\000e\000n\000t\000s\000\040\000\273}{section.5.2}% 97
\BOOKMARK [2][-]{subsection.5.2.4}{\376\377\000D\000i\000a\000g\000r\000a\000m\000m\000e\000\040\000d\000e\000\040\000s\000\351\000q\000u\000e\000n\000c\000e\000\040\000s\000y\000s\000t\000\350\000m\000e\000\040\000d\000u\000\040\000c\000a\000s\000\040\000d\040\031\000u\000t\000i\000l\000i\000s\000a\000t\000i\000o\000n\000\040\000\253\000\040\000P\000l\000a\000n\000i\000f\000i\000e\000r\000\040\000l\000e\000s\000\040\000d\000\351\000p\000l\000a\000c\000e\000m\000e\000n\000t\000s\000\040\000\273}{section.5.2}% 98
\BOOKMARK [2][-]{subsection.5.2.5}{\376\377\000D\000e\000s\000c\000r\000i\000p\000t\000i\000o\000n\000\040\000t\000e\000x\000t\000u\000e\000l\000l\000e\000\040\000d\000u\000\040\000c\000a\000s\000\040\000d\040\031\000u\000t\000i\000l\000i\000s\000a\000t\000i\000o\000n\000\040\000\253\000\040\000C\000o\000n\000s\000u\000l\000t\000e\000r\000\040\000N\000o\000t\000i\000f\000i\000c\000a\000t\000i\000o\000n\000s\000\040\000\273}{section.5.2}% 99
\BOOKMARK [2][-]{subsection.5.2.6}{\376\377\000D\000i\000a\000g\000r\000a\000m\000m\000e\000\040\000d\000'\000a\000c\000t\000i\000v\000i\000t\000\351\000\040\000d\000u\000\040\000c\000a\000s\000\040\000d\040\031\000u\000t\000i\000l\000i\000s\000a\000t\000i\000o\000n\000\040\000\253\000\040\000C\000o\000n\000s\000u\000l\000t\000e\000r\000\040\000N\000o\000t\000i\000f\000i\000c\000a\000t\000i\000o\000n\000s\000\040\000\273}{section.5.2}% 100
\BOOKMARK [2][-]{subsection.5.2.7}{\376\377\000R\000a\000f\000f\000i\000n\000e\000m\000e\000n\000t\000\040\000d\000u\000\040\000c\000a\000s\000\040\000d\000'\000u\000t\000i\000l\000i\000s\000a\000t\000i\000o\000n\000\040\000\253\000\040\000G\000\351\000n\000\351\000r\000e\000r\000\040\000d\000e\000s\000\040\000r\000a\000p\000p\000o\000r\000t\000s\000\040\000\273}{section.5.2}% 101
\BOOKMARK [2][-]{subsection.5.2.8}{\376\377\000D\000e\000s\000c\000r\000i\000p\000t\000i\000o\000n\000\040\000t\000e\000x\000t\000u\000e\000l\000l\000e\000\040\000d\000u\000\040\000c\000a\000s\000\040\000d\040\031\000u\000t\000i\000l\000i\000s\000a\000t\000i\000o\000n\000\040\000\253\000\040\000G\000\351\000n\000\351\000r\000e\000r\000\040\000d\000e\000s\000\040\000r\000a\000p\000p\000o\000r\000t\000s\000\040\000\273}{section.5.2}% 102
\BOOKMARK [2][-]{subsection.5.2.9}{\376\377\000D\000i\000a\000g\000r\000a\000m\000m\000e\000\040\000d\000e\000\040\000s\000\351\000q\000u\000e\000n\000c\000e\000\040\000s\000y\000s\000t\000\350\000m\000e\000\040\000d\000u\000\040\000c\000a\000s\000\040\000d\040\031\000u\000t\000i\000l\000i\000s\000a\000t\000i\000o\000n\000\040\000\253\000\040\000G\000\351\000n\000\351\000r\000e\000r\000\040\000d\000e\000s\000\040\000r\000a\000p\000p\000o\000r\000t\000s\000\040\000\273}{section.5.2}% 103
\BOOKMARK [1][-]{section.5.3}{\376\377\000D\000i\000a\000g\000r\000a\000m\000m\000e\000\040\000d\000e\000\040\000c\000l\000a\000s\000s\000e\000s\000\040\000d\000u\000\040\000s\000p\000r\000i\000n\000t\000\040\0003}{chapter.5}% 104
\BOOKMARK [1][-]{section.5.4}{\376\377\000R\000\351\000a\000l\000i\000s\000a\000t\000i\000o\000n}{chapter.5}% 105
\BOOKMARK [2][-]{subsection.5.4.1}{\376\377\000S\000u\000i\000v\000i\000\040\000e\000n\000\040\000T\000e\000m\000p\000s\000\040\000R\000\351\000e\000l\000\040\000p\000a\000r\000\040\000G\000\351\000o\000l\000o\000c\000a\000l\000i\000s\000a\000t\000i\000o\000n}{section.5.4}% 106
\BOOKMARK [2][-]{subsection.5.4.2}{\376\377\000L\000a\000\040\000p\000l\000a\000n\000i\000f\000i\000c\000a\000t\000i\000o\000n\000\040\000d\000e\000s\000\040\000d\000\351\000p\000l\000a\000c\000e\000m\000e\000n\000t\000s\000\040}{section.5.4}% 107
\BOOKMARK [2][-]{subsection.5.4.3}{\376\377\000L\000e\000s\000\040\000N\000o\000t\000i\000f\000i\000c\000a\000t\000i\000o\000n\000s}{section.5.4}% 108
\BOOKMARK [2][-]{subsection.5.4.4}{\376\377\000G\000\351\000n\000e\000r\000a\000t\000i\000o\000n\000\040\000d\000'\000u\000n\000\040\000R\000a\000p\000p\000o\000r\000t}{section.5.4}% 109
\BOOKMARK [1][-]{section.5.5}{\376\377\000R\000\351\000t\000r\000o\000s\000p\000e\000c\000t\000i\000v\000e}{chapter.5}% 110
\BOOKMARK [2][-]{subsection.5.5.1}{\376\377\000B\000u\000r\000d\000o\000w\000n\000\040\000C\000h\000a\000r\000t}{section.5.5}% 111
\BOOKMARK [2][-]{subsection.5.5.2}{\376\377\000T\000a\000s\000k\000\040\000B\000o\000r\000d}{section.5.5}% 112
\BOOKMARK [1][-]{section.5.6}{\376\377\000T\000e\000s\000t\000s\000\040\000u\000n\000i\000t\000a\000i\000r\000e\000s}{chapter.5}% 113
\BOOKMARK [1][-]{section*.19}{\376\377\000C\000o\000n\000c\000l\000u\000s\000i\000o\000n}{chapter.5}% 114
