This is pdfTeX, Version 3.141592653-2.6-1.40.25 (MiKTeX 24.1) (preloaded format=pdflatex 2024.5.9)  27 MAY 2024 17:50
entering extended mode
 restricted \write18 enabled.
 file:line:error style messages enabled.
 %&-line parsing enabled.
**"c:/Users/itsba/Desktop/jdid ya rebah/main.tex"
(c:/Users/itsba/Desktop/jdid ya rebah/main.tex
LaTeX2e <2023-11-01> patch level 1
L3 programming layer <2024-04-11>
(C:\MiKTeX\tex/latex/base\report.cls
Document Class: report 2023/05/17 v1.4n Standard LaTeX document class
(C:\MiKTeX\tex/latex/base\size11.clo
File: size11.clo 2023/05/17 v1.4n Standard LaTeX file (size option)
)
\c@part=\count189
\c@chapter=\count190
\c@section=\count191
\c@subsection=\count192
\c@subsubsection=\count193
\c@paragraph=\count194
\c@subparagraph=\count195
\c@figure=\count196
\c@table=\count197
\abovecaptionskip=\skip48
\belowcaptionskip=\skip49
\bibindent=\dimen140
) (C:\MiKTeX\tex/latex/graphics\rotating.sty
Package: rotating 2016/08/11 v2.16d rotated objects in LaTeX
 (C:\MiKTeX\tex/latex/graphics\graphicx.sty
Package: graphicx 2021/09/16 v1.2d Enhanced LaTeX Graphics (DPC,SPQR)
 (C:\MiKTeX\tex/latex/graphics\keyval.sty
Package: keyval 2022/05/29 v1.15 key=value parser (DPC)
\KV@toks@=\toks17
) (C:\MiKTeX\tex/latex/graphics\graphics.sty
Package: graphics 2022/03/10 v1.4e Standard LaTeX Graphics (DPC,SPQR)
 (C:\MiKTeX\tex/latex/graphics\trig.sty
Package: trig 2021/08/11 v1.11 sin cos tan (DPC)
) (C:\MiKTeX\tex/latex/graphics-cfg\graphics.cfg
File: graphics.cfg 2016/06/04 v1.11 sample graphics configuration
)
Package graphics Info: Driver file: pdftex.def on input line 107.
 (C:\MiKTeX\tex/latex/graphics-def\pdftex.def
File: pdftex.def 2024/04/13 v1.2c Graphics/color driver for pdftex
))
\Gin@req@height=\dimen141
\Gin@req@width=\dimen142
) (C:\MiKTeX\tex/latex/base\ifthen.sty
Package: ifthen 2022/04/13 v1.1d Standard LaTeX ifthen package (DPC)
)
\c@r@tfl@t=\count198
\rotFPtop=\skip50
\rotFPbot=\skip51
\rot@float@box=\box51
\rot@mess@toks=\toks18
) (C:\MiKTeX\tex/latex/natbib\natbib.sty
Package: natbib 2010/09/13 8.31b (PWD, AO)
\bibhang=\skip52
\bibsep=\skip53
LaTeX Info: Redefining \cite on input line 694.
\c@NAT@ctr=\count199
) (C:\MiKTeX\tex/generic/babel\babel.sty
Package: babel 2024/04/20 v24.4 The Babel package
\babel@savecnt=\count266
\U@D=\dimen143
\l@unhyphenated=\language79
 (C:\MiKTeX\tex/generic/babel\txtbabel.def)
\bbl@readstream=\read2
\bbl@dirlevel=\count267

*************************************
* Local config file bblopts.cfg used
*
(C:\MiKTeX\tex/latex/arabi\bblopts.cfg
File: bblopts.cfg 2005/09/08 v0.1 add Arabic and Farsi to "declared" options of babel
) (C:\MiKTeX\tex/generic/babel-french\french.ldf
Language: french 2024-02-29 v3.5s French support from the babel system
Package babel Info: Hyphen rules for 'acadian' set to \l@french
(babel)             (\language22). Reported on input line 91.
Package babel Info: Hyphen rules for 'canadien' set to \l@french
(babel)             (\language22). Reported on input line 92.
\FB@stdchar=\count268
Package babel Info: Making : an active character on input line 420.
Package babel Info: Making ; an active character on input line 421.
Package babel Info: Making ! an active character on input line 422.
Package babel Info: Making ? an active character on input line 423.
\FBguill@level=\count269
\FBold@everypar=\toks19
\FB@Mht=\dimen144
\mc@charclass=\count270
\mc@charfam=\count271
\mc@charslot=\count272
\std@mcc=\count273
\dec@mcc=\count274
\FB@parskip=\dimen145
\listindentFB=\dimen146
\descindentFB=\dimen147
\labelindentFB=\dimen148
\labelwidthFB=\dimen149
\leftmarginFB=\dimen150
\parindentFFN=\dimen151
\FBfnindent=\dimen152
)) (C:\MiKTeX\tex/generic/babel/locale/fr\babel-french.tex
Package babel Info: Importing font and identification data for french
(babel)             from babel-fr.ini. Reported on input line 11.
) (C:\MiKTeX\tex/latex/carlisle\scalefnt.sty) (C:\MiKTeX\tex/latex/base\inputenc.sty
Package: inputenc 2021/02/14 v1.3d Input encoding file
\inpenc@prehook=\toks20
\inpenc@posthook=\toks21
) (C:\MiKTeX\tex/latex/base\fontenc.sty
Package: fontenc 2021/04/29 v2.0v Standard LaTeX package
) (C:\MiKTeX\tex/latex/setspace\setspace.sty
Package: setspace 2022/12/04 v6.7b set line spacing
) (C:\MiKTeX\tex/latex/geometry\geometry.sty
Package: geometry 2020/01/02 v5.9 Page Geometry
 (C:\MiKTeX\tex/generic/iftex\ifvtex.sty
Package: ifvtex 2019/10/25 v1.7 ifvtex legacy package. Use iftex instead.
 (C:\MiKTeX\tex/generic/iftex\iftex.sty
Package: iftex 2022/02/03 v1.0f TeX engine tests
))
\Gm@cnth=\count275
\Gm@cntv=\count276
\c@Gm@tempcnt=\count277
\Gm@bindingoffset=\dimen153
\Gm@wd@mp=\dimen154
\Gm@odd@mp=\dimen155
\Gm@even@mp=\dimen156
\Gm@layoutwidth=\dimen157
\Gm@layoutheight=\dimen158
\Gm@layouthoffset=\dimen159
\Gm@layoutvoffset=\dimen160
\Gm@dimlist=\toks22
 (C:\MiKTeX\tex/latex/geometry\geometry.cfg)) (C:\MiKTeX\tex/latex/base\fixltx2e.sty
Package: fixltx2e 2016/12/29 v2.1a fixes to LaTeX (obsolete)
Applying: [2015/01/01] Old fixltx2e package on input line 46.


Package fixltx2e Warning: fixltx2e is not required with releases after 2015
(fixltx2e)                All fixes are now in the LaTeX kernel.
(fixltx2e)                See the latexrelease package for details.

Already applied: [0000/00/00] Old fixltx2e package on input line 53.
) (C:\MiKTeX\tex/latex/lm\lmodern.sty
Package: lmodern 2015/05/01 v1.6.1 Latin Modern Fonts
LaTeX Font Info:    Overwriting symbol font `operators' in version `normal'
(Font)                  OT1/cmr/m/n --> OT1/lmr/m/n on input line 22.
LaTeX Font Info:    Overwriting symbol font `letters' in version `normal'
(Font)                  OML/cmm/m/it --> OML/lmm/m/it on input line 23.
LaTeX Font Info:    Overwriting symbol font `symbols' in version `normal'
(Font)                  OMS/cmsy/m/n --> OMS/lmsy/m/n on input line 24.
LaTeX Font Info:    Overwriting symbol font `largesymbols' in version `normal'
(Font)                  OMX/cmex/m/n --> OMX/lmex/m/n on input line 25.
LaTeX Font Info:    Overwriting symbol font `operators' in version `bold'
(Font)                  OT1/cmr/bx/n --> OT1/lmr/bx/n on input line 26.
LaTeX Font Info:    Overwriting symbol font `letters' in version `bold'
(Font)                  OML/cmm/b/it --> OML/lmm/b/it on input line 27.
LaTeX Font Info:    Overwriting symbol font `symbols' in version `bold'
(Font)                  OMS/cmsy/b/n --> OMS/lmsy/b/n on input line 28.
LaTeX Font Info:    Overwriting symbol font `largesymbols' in version `bold'
(Font)                  OMX/cmex/m/n --> OMX/lmex/m/n on input line 29.
LaTeX Font Info:    Overwriting math alphabet `\mathbf' in version `normal'
(Font)                  OT1/cmr/bx/n --> OT1/lmr/bx/n on input line 31.
LaTeX Font Info:    Overwriting math alphabet `\mathsf' in version `normal'
(Font)                  OT1/cmss/m/n --> OT1/lmss/m/n on input line 32.
LaTeX Font Info:    Overwriting math alphabet `\mathit' in version `normal'
(Font)                  OT1/cmr/m/it --> OT1/lmr/m/it on input line 33.
LaTeX Font Info:    Overwriting math alphabet `\mathtt' in version `normal'
(Font)                  OT1/cmtt/m/n --> OT1/lmtt/m/n on input line 34.
LaTeX Font Info:    Overwriting math alphabet `\mathbf' in version `bold'
(Font)                  OT1/cmr/bx/n --> OT1/lmr/bx/n on input line 35.
LaTeX Font Info:    Overwriting math alphabet `\mathsf' in version `bold'
(Font)                  OT1/cmss/bx/n --> OT1/lmss/bx/n on input line 36.
LaTeX Font Info:    Overwriting math alphabet `\mathit' in version `bold'
(Font)                  OT1/cmr/bx/it --> OT1/lmr/bx/it on input line 37.
LaTeX Font Info:    Overwriting math alphabet `\mathtt' in version `bold'
(Font)                  OT1/cmtt/m/n --> OT1/lmtt/m/n on input line 38.
) (C:\MiKTeX\tex/latex/float\float.sty
Package: float 2001/11/08 v1.3d Float enhancements (AL)
\c@float@type=\count278
\float@exts=\toks23
\float@box=\box52
\@float@everytoks=\toks24
\@floatcapt=\box53
) (C:\MiKTeX\tex/latex/tools\array.sty
Package: array 2023/10/16 v2.5g Tabular extension package (FMi)
\col@sep=\dimen161
\ar@mcellbox=\box54
\extrarowheight=\dimen162
\NC@list=\toks25
\extratabsurround=\skip54
\backup@length=\skip55
\ar@cellbox=\box55
) (C:\MiKTeX\tex/latex/tocbibind\tocbibind.sty
Package: tocbibind 2010/10/13 v1.5k extra ToC listings
Package tocbibind Info: The document has chapter divisions on input line 50.


Package tocbibind Note: Using chapter style headings, unless overridden.

) (C:\MiKTeX\tex/latex/fancyhdr\fancyhdr.sty
Package: fancyhdr 2024/04/23 v4.2 Extensive control of page headers and footers
\f@nch@headwidth=\skip56
\f@nch@O@elh=\skip57
\f@nch@O@erh=\skip58
\f@nch@O@olh=\skip59
\f@nch@O@orh=\skip60
\f@nch@O@elf=\skip61
\f@nch@O@erf=\skip62
\f@nch@O@olf=\skip63
\f@nch@O@orf=\skip64
) (C:\MiKTeX\tex/latex/amsmath\amsmath.sty
Package: amsmath 2023/05/13 v2.17o AMS math features
\@mathmargin=\skip65

For additional information on amsmath, use the `?' option.
(C:\MiKTeX\tex/latex/amsmath\amstext.sty
Package: amstext 2021/08/26 v2.01 AMS text
 (C:\MiKTeX\tex/latex/amsmath\amsgen.sty
File: amsgen.sty 1999/11/30 v2.0 generic functions
\@emptytoks=\toks26
\ex@=\dimen163
)) (C:\MiKTeX\tex/latex/amsmath\amsbsy.sty
Package: amsbsy 1999/11/29 v1.2d Bold Symbols
\pmbraise@=\dimen164
) (C:\MiKTeX\tex/latex/amsmath\amsopn.sty
Package: amsopn 2022/04/08 v2.04 operator names
)
\inf@bad=\count279
LaTeX Info: Redefining \frac on input line 234.
\uproot@=\count280
\leftroot@=\count281
LaTeX Info: Redefining \overline on input line 399.
LaTeX Info: Redefining \colon on input line 410.
\classnum@=\count282
\DOTSCASE@=\count283
LaTeX Info: Redefining \ldots on input line 496.
LaTeX Info: Redefining \dots on input line 499.
LaTeX Info: Redefining \cdots on input line 620.
\Mathstrutbox@=\box56
\strutbox@=\box57
LaTeX Info: Redefining \big on input line 722.
LaTeX Info: Redefining \Big on input line 723.
LaTeX Info: Redefining \bigg on input line 724.
LaTeX Info: Redefining \Bigg on input line 725.
\big@size=\dimen165
LaTeX Font Info:    Redeclaring font encoding OML on input line 743.
LaTeX Font Info:    Redeclaring font encoding OMS on input line 744.
\macc@depth=\count284
LaTeX Info: Redefining \bmod on input line 905.
LaTeX Info: Redefining \pmod on input line 910.
LaTeX Info: Redefining \smash on input line 940.
LaTeX Info: Redefining \relbar on input line 970.
LaTeX Info: Redefining \Relbar on input line 971.
\c@MaxMatrixCols=\count285
\dotsspace@=\muskip16
\c@parentequation=\count286
\dspbrk@lvl=\count287
\tag@help=\toks27
\row@=\count288
\column@=\count289
\maxfields@=\count290
\andhelp@=\toks28
\eqnshift@=\dimen166
\alignsep@=\dimen167
\tagshift@=\dimen168
\tagwidth@=\dimen169
\totwidth@=\dimen170
\lineht@=\dimen171
\@envbody=\toks29
\multlinegap=\skip66
\multlinetaggap=\skip67
\mathdisplay@stack=\toks30
LaTeX Info: Redefining \[ on input line 2953.
LaTeX Info: Redefining \] on input line 2954.
) (C:\MiKTeX\tex/latex/amscls\amsthm.sty
Package: amsthm 2020/05/29 v2.20.6
\thm@style=\toks31
\thm@bodyfont=\toks32
\thm@headfont=\toks33
\thm@notefont=\toks34
\thm@headpunct=\toks35
\thm@preskip=\skip68
\thm@postskip=\skip69
\thm@headsep=\skip70
\dth@everypar=\toks36
) (C:\MiKTeX\tex/latex/amsfonts\amssymb.sty
Package: amssymb 2013/01/14 v3.01 AMS font symbols
 (C:\MiKTeX\tex/latex/amsfonts\amsfonts.sty
Package: amsfonts 2013/01/14 v3.01 Basic AMSFonts support
\symAMSa=\mathgroup4
\symAMSb=\mathgroup5
LaTeX Font Info:    Redeclaring math symbol \hbar on input line 98.
LaTeX Font Info:    Overwriting math alphabet `\mathfrak' in version `bold'
(Font)                  U/euf/m/n --> U/euf/b/n on input line 106.
)) (C:\MiKTeX\tex/latex/tools\enumerate.sty
Package: enumerate 2023/07/04 v3.00 enumerate extensions (DPC)
\@enLab=\toks37
) (C:\MiKTeX\tex/latex/graphics\color.sty
Package: color 2022/01/06 v1.3d Standard LaTeX Color (DPC)
 (C:\MiKTeX\tex/latex/graphics-cfg\color.cfg
File: color.cfg 2016/01/02 v1.6 sample color configuration
)
Package color Info: Driver file: pdftex.def on input line 149.
 (C:\MiKTeX\tex/latex/graphics\mathcolor.ltx)) (C:\MiKTeX\tex/latex/units\units.sty
Package: units 1998/08/04 v0.9b Typesetting units
 (C:\MiKTeX\tex/latex/units\nicefrac.sty
Package: nicefrac 1998/08/04 v0.9b Nice fractions
\L@UnitsRaiseDisplaystyle=\skip71
\L@UnitsRaiseTextstyle=\skip72
\L@UnitsRaiseScriptstyle=\skip73
)) (C:\MiKTeX\tex/latex/pgf/basiclayer\pgf.sty (C:\MiKTeX\tex/latex/pgf/utilities\pgfrcs.sty (C:\MiKTeX\tex/generic/pgf/utilities\pgfutil-common.tex
\pgfutil@everybye=\toks38
\pgfutil@tempdima=\dimen172
\pgfutil@tempdimb=\dimen173
) (C:\MiKTeX\tex/generic/pgf/utilities\pgfutil-latex.def
\pgfutil@abb=\box58
) (C:\MiKTeX\tex/generic/pgf/utilities\pgfrcs.code.tex (C:\MiKTeX\tex/generic/pgf\pgf.revision.tex)
Package: pgfrcs 2023-01-15 v3.1.10 (3.1.10)
))
Package: pgf 2023-01-15 v3.1.10 (3.1.10)
 (C:\MiKTeX\tex/latex/pgf/basiclayer\pgfcore.sty (C:\MiKTeX\tex/latex/pgf/systemlayer\pgfsys.sty (C:\MiKTeX\tex/generic/pgf/systemlayer\pgfsys.code.tex
Package: pgfsys 2023-01-15 v3.1.10 (3.1.10)
 (C:\MiKTeX\tex/generic/pgf/utilities\pgfkeys.code.tex
\pgfkeys@pathtoks=\toks39
\pgfkeys@temptoks=\toks40
 (C:\MiKTeX\tex/generic/pgf/utilities\pgfkeyslibraryfiltered.code.tex
\pgfkeys@tmptoks=\toks41
))
\pgf@x=\dimen174
\pgf@y=\dimen175
\pgf@xa=\dimen176
\pgf@ya=\dimen177
\pgf@xb=\dimen178
\pgf@yb=\dimen179
\pgf@xc=\dimen180
\pgf@yc=\dimen181
\pgf@xd=\dimen182
\pgf@yd=\dimen183
\w@pgf@writea=\write3
\r@pgf@reada=\read3
\c@pgf@counta=\count291
\c@pgf@countb=\count292
\c@pgf@countc=\count293
\c@pgf@countd=\count294
\t@pgf@toka=\toks42
\t@pgf@tokb=\toks43
\t@pgf@tokc=\toks44
\pgf@sys@id@count=\count295
 (C:\MiKTeX\tex/generic/pgf/systemlayer\pgf.cfg
File: pgf.cfg 2023-01-15 v3.1.10 (3.1.10)
)
Driver file for pgf: pgfsys-pdftex.def
 (C:\MiKTeX\tex/generic/pgf/systemlayer\pgfsys-pdftex.def
File: pgfsys-pdftex.def 2023-01-15 v3.1.10 (3.1.10)
 (C:\MiKTeX\tex/generic/pgf/systemlayer\pgfsys-common-pdf.def
File: pgfsys-common-pdf.def 2023-01-15 v3.1.10 (3.1.10)
))) (C:\MiKTeX\tex/generic/pgf/systemlayer\pgfsyssoftpath.code.tex
File: pgfsyssoftpath.code.tex 2023-01-15 v3.1.10 (3.1.10)
\pgfsyssoftpath@smallbuffer@items=\count296
\pgfsyssoftpath@bigbuffer@items=\count297
) (C:\MiKTeX\tex/generic/pgf/systemlayer\pgfsysprotocol.code.tex
File: pgfsysprotocol.code.tex 2023-01-15 v3.1.10 (3.1.10)
)) (C:\MiKTeX\tex/latex/xcolor\xcolor.sty
Package: xcolor 2023/11/15 v3.01 LaTeX color extensions (UK)
 (C:\MiKTeX\tex/latex/graphics-cfg\color.cfg
File: color.cfg 2016/01/02 v1.6 sample color configuration
)
Package xcolor Info: Driver file: pdftex.def on input line 274.
LaTeX Info: Redefining \color on input line 758.
 (C:\MiKTeX\tex/latex/graphics\mathcolor.ltx)
Package xcolor Info: Model `cmy' substituted by `cmy0' on input line 1350.
Package xcolor Info: Model `hsb' substituted by `rgb' on input line 1354.
Package xcolor Info: Model `RGB' extended on input line 1366.
Package xcolor Info: Model `HTML' substituted by `rgb' on input line 1368.
Package xcolor Info: Model `Hsb' substituted by `hsb' on input line 1369.
Package xcolor Info: Model `tHsb' substituted by `hsb' on input line 1370.
Package xcolor Info: Model `HSB' substituted by `hsb' on input line 1371.
Package xcolor Info: Model `Gray' substituted by `gray' on input line 1372.
Package xcolor Info: Model `wave' substituted by `hsb' on input line 1373.
) (C:\MiKTeX\tex/generic/pgf/basiclayer\pgfcore.code.tex
Package: pgfcore 2023-01-15 v3.1.10 (3.1.10)
 (C:\MiKTeX\tex/generic/pgf/math\pgfmath.code.tex (C:\MiKTeX\tex/generic/pgf/math\pgfmathutil.code.tex) (C:\MiKTeX\tex/generic/pgf/math\pgfmathparser.code.tex
\pgfmath@dimen=\dimen184
\pgfmath@count=\count298
\pgfmath@box=\box59
\pgfmath@toks=\toks45
\pgfmath@stack@operand=\toks46
\pgfmath@stack@operation=\toks47
) (C:\MiKTeX\tex/generic/pgf/math\pgfmathfunctions.code.tex) (C:\MiKTeX\tex/generic/pgf/math\pgfmathfunctions.basic.code.tex) (C:\MiKTeX\tex/generic/pgf/math\pgfmathfunctions.trigonometric.code.tex) (C:\MiKTeX\tex/generic/pgf/math\pgfmathfunctions.random.code.tex) (C:\MiKTeX\tex/generic/pgf/math\pgfmathfunctions.comparison.code.tex) (C:\MiKTeX\tex/generic/pgf/math\pgfmathfunctions.base.code.tex) (C:\MiKTeX\tex/generic/pgf/math\pgfmathfunctions.round.code.tex) (C:\MiKTeX\tex/generic/pgf/math\pgfmathfunctions.misc.code.tex) (C:\MiKTeX\tex/generic/pgf/math\pgfmathfunctions.integerarithmetics.code.tex) (C:\MiKTeX\tex/generic/pgf/math\pgfmathcalc.code.tex) (C:\MiKTeX\tex/generic/pgf/math\pgfmathfloat.code.tex
\c@pgfmathroundto@lastzeros=\count299
)) (C:\MiKTeX\tex/generic/pgf/math\pgfint.code.tex) (C:\MiKTeX\tex/generic/pgf/basiclayer\pgfcorepoints.code.tex
File: pgfcorepoints.code.tex 2023-01-15 v3.1.10 (3.1.10)
\pgf@picminx=\dimen185
\pgf@picmaxx=\dimen186
\pgf@picminy=\dimen187
\pgf@picmaxy=\dimen188
\pgf@pathminx=\dimen189
\pgf@pathmaxx=\dimen190
\pgf@pathminy=\dimen191
\pgf@pathmaxy=\dimen192
\pgf@xx=\dimen193
\pgf@xy=\dimen194
\pgf@yx=\dimen195
\pgf@yy=\dimen196
\pgf@zx=\dimen197
\pgf@zy=\dimen198
) (C:\MiKTeX\tex/generic/pgf/basiclayer\pgfcorepathconstruct.code.tex
File: pgfcorepathconstruct.code.tex 2023-01-15 v3.1.10 (3.1.10)
\pgf@path@lastx=\dimen199
\pgf@path@lasty=\dimen256
) (C:\MiKTeX\tex/generic/pgf/basiclayer\pgfcorepathusage.code.tex
File: pgfcorepathusage.code.tex 2023-01-15 v3.1.10 (3.1.10)
\pgf@shorten@end@additional=\dimen257
\pgf@shorten@start@additional=\dimen258
) (C:\MiKTeX\tex/generic/pgf/basiclayer\pgfcorescopes.code.tex
File: pgfcorescopes.code.tex 2023-01-15 v3.1.10 (3.1.10)
\pgfpic=\box60
\pgf@hbox=\box61
\pgf@layerbox@main=\box62
\pgf@picture@serial@count=\count300
) (C:\MiKTeX\tex/generic/pgf/basiclayer\pgfcoregraphicstate.code.tex
File: pgfcoregraphicstate.code.tex 2023-01-15 v3.1.10 (3.1.10)
\pgflinewidth=\dimen259
) (C:\MiKTeX\tex/generic/pgf/basiclayer\pgfcoretransformations.code.tex
File: pgfcoretransformations.code.tex 2023-01-15 v3.1.10 (3.1.10)
\pgf@pt@x=\dimen260
\pgf@pt@y=\dimen261
\pgf@pt@temp=\dimen262
) (C:\MiKTeX\tex/generic/pgf/basiclayer\pgfcorequick.code.tex
File: pgfcorequick.code.tex 2023-01-15 v3.1.10 (3.1.10)
) (C:\MiKTeX\tex/generic/pgf/basiclayer\pgfcoreobjects.code.tex
File: pgfcoreobjects.code.tex 2023-01-15 v3.1.10 (3.1.10)
) (C:\MiKTeX\tex/generic/pgf/basiclayer\pgfcorepathprocessing.code.tex
File: pgfcorepathprocessing.code.tex 2023-01-15 v3.1.10 (3.1.10)
) (C:\MiKTeX\tex/generic/pgf/basiclayer\pgfcorearrows.code.tex
File: pgfcorearrows.code.tex 2023-01-15 v3.1.10 (3.1.10)
\pgfarrowsep=\dimen263
) (C:\MiKTeX\tex/generic/pgf/basiclayer\pgfcoreshade.code.tex
File: pgfcoreshade.code.tex 2023-01-15 v3.1.10 (3.1.10)
\pgf@max=\dimen264
\pgf@sys@shading@range@num=\count301
\pgf@shadingcount=\count302
) (C:\MiKTeX\tex/generic/pgf/basiclayer\pgfcoreimage.code.tex
File: pgfcoreimage.code.tex 2023-01-15 v3.1.10 (3.1.10)
) (C:\MiKTeX\tex/generic/pgf/basiclayer\pgfcoreexternal.code.tex
File: pgfcoreexternal.code.tex 2023-01-15 v3.1.10 (3.1.10)
\pgfexternal@startupbox=\box63
) (C:\MiKTeX\tex/generic/pgf/basiclayer\pgfcorelayers.code.tex
File: pgfcorelayers.code.tex 2023-01-15 v3.1.10 (3.1.10)
) (C:\MiKTeX\tex/generic/pgf/basiclayer\pgfcoretransparency.code.tex
File: pgfcoretransparency.code.tex 2023-01-15 v3.1.10 (3.1.10)
) (C:\MiKTeX\tex/generic/pgf/basiclayer\pgfcorepatterns.code.tex
File: pgfcorepatterns.code.tex 2023-01-15 v3.1.10 (3.1.10)
) (C:\MiKTeX\tex/generic/pgf/basiclayer\pgfcorerdf.code.tex
File: pgfcorerdf.code.tex 2023-01-15 v3.1.10 (3.1.10)
))) (C:\MiKTeX\tex/generic/pgf/modules\pgfmoduleshapes.code.tex
File: pgfmoduleshapes.code.tex 2023-01-15 v3.1.10 (3.1.10)
\pgfnodeparttextbox=\box64
) (C:\MiKTeX\tex/generic/pgf/modules\pgfmoduleplot.code.tex
File: pgfmoduleplot.code.tex 2023-01-15 v3.1.10 (3.1.10)
) (C:\MiKTeX\tex/latex/pgf/compatibility\pgfcomp-version-0-65.sty
Package: pgfcomp-version-0-65 2023-01-15 v3.1.10 (3.1.10)
\pgf@nodesepstart=\dimen265
\pgf@nodesepend=\dimen266
) (C:\MiKTeX\tex/latex/pgf/compatibility\pgfcomp-version-1-18.sty
Package: pgfcomp-version-1-18 2023-01-15 v3.1.10 (3.1.10)
)) (C:\MiKTeX\tex/latex/pgf/frontendlayer\tikz.sty (C:\MiKTeX\tex/latex/pgf/utilities\pgffor.sty (C:\MiKTeX\tex/latex/pgf/utilities\pgfkeys.sty (C:\MiKTeX\tex/generic/pgf/utilities\pgfkeys.code.tex)) (C:\MiKTeX\tex/latex/pgf/math\pgfmath.sty (C:\MiKTeX\tex/generic/pgf/math\pgfmath.code.tex)) (C:\MiKTeX\tex/generic/pgf/utilities\pgffor.code.tex
Package: pgffor 2023-01-15 v3.1.10 (3.1.10)
\pgffor@iter=\dimen267
\pgffor@skip=\dimen268
\pgffor@stack=\toks48
\pgffor@toks=\toks49
)) (C:\MiKTeX\tex/generic/pgf/frontendlayer/tikz\tikz.code.tex
Package: tikz 2023-01-15 v3.1.10 (3.1.10)
 (C:\MiKTeX\tex/generic/pgf/libraries\pgflibraryplothandlers.code.tex
File: pgflibraryplothandlers.code.tex 2023-01-15 v3.1.10 (3.1.10)
\pgf@plot@mark@count=\count303
\pgfplotmarksize=\dimen269
)
\tikz@lastx=\dimen270
\tikz@lasty=\dimen271
\tikz@lastxsaved=\dimen272
\tikz@lastysaved=\dimen273
\tikz@lastmovetox=\dimen274
\tikz@lastmovetoy=\dimen275
\tikzleveldistance=\dimen276
\tikzsiblingdistance=\dimen277
\tikz@figbox=\box65
\tikz@figbox@bg=\box66
\tikz@tempbox=\box67
\tikz@tempbox@bg=\box68
\tikztreelevel=\count304
\tikznumberofchildren=\count305
\tikznumberofcurrentchild=\count306
\tikz@fig@count=\count307
 (C:\MiKTeX\tex/generic/pgf/modules\pgfmodulematrix.code.tex
File: pgfmodulematrix.code.tex 2023-01-15 v3.1.10 (3.1.10)
\pgfmatrixcurrentrow=\count308
\pgfmatrixcurrentcolumn=\count309
\pgf@matrix@numberofcolumns=\count310
)
\tikz@expandcount=\count311
 (C:\MiKTeX\tex/generic/pgf/frontendlayer/tikz/libraries\tikzlibrarytopaths.code.tex
File: tikzlibrarytopaths.code.tex 2023-01-15 v3.1.10 (3.1.10)
))) (C:\MiKTeX\tex/generic/pgf/frontendlayer/tikz/libraries\tikzlibraryarrows.code.tex
File: tikzlibraryarrows.code.tex 2023-01-15 v3.1.10 (3.1.10)
 (C:\MiKTeX\tex/generic/pgf/libraries\pgflibraryarrows.code.tex
File: pgflibraryarrows.code.tex 2023-01-15 v3.1.10 (3.1.10)
\arrowsize=\dimen278
)) (C:\MiKTeX\tex/latex/hyperref\hyperref.sty
Package: hyperref 2024-01-20 v7.01h Hypertext links for LaTeX
 (C:\MiKTeX\tex/latex/kvsetkeys\kvsetkeys.sty
Package: kvsetkeys 2022-10-05 v1.19 Key value parser (HO)
) (C:\MiKTeX\tex/generic/kvdefinekeys\kvdefinekeys.sty
Package: kvdefinekeys 2019-12-19 v1.6 Define keys (HO)
) (C:\MiKTeX\tex/generic/pdfescape\pdfescape.sty
Package: pdfescape 2019/12/09 v1.15 Implements pdfTeX's escape features (HO)
 (C:\MiKTeX\tex/generic/ltxcmds\ltxcmds.sty
Package: ltxcmds 2023-12-04 v1.26 LaTeX kernel commands for general use (HO)
) (C:\MiKTeX\tex/generic/pdftexcmds\pdftexcmds.sty
Package: pdftexcmds 2020-06-27 v0.33 Utility functions of pdfTeX for LuaTeX (HO)
 (C:\MiKTeX\tex/generic/infwarerr\infwarerr.sty
Package: infwarerr 2019/12/03 v1.5 Providing info/warning/error messages (HO)
)
Package pdftexcmds Info: \pdf@primitive is available.
Package pdftexcmds Info: \pdf@ifprimitive is available.
Package pdftexcmds Info: \pdfdraftmode found.
)) (C:\MiKTeX\tex/latex/hycolor\hycolor.sty
Package: hycolor 2020-01-27 v1.10 Color options for hyperref/bookmark (HO)
) (C:\MiKTeX\tex/latex/auxhook\auxhook.sty
Package: auxhook 2019-12-17 v1.6 Hooks for auxiliary files (HO)
) (C:\MiKTeX\tex/latex/hyperref\nameref.sty
Package: nameref 2023-11-26 v2.56 Cross-referencing by name of section
 (C:\MiKTeX\tex/latex/refcount\refcount.sty
Package: refcount 2019/12/15 v3.6 Data extraction from label references (HO)
) (C:\MiKTeX\tex/generic/gettitlestring\gettitlestring.sty
Package: gettitlestring 2019/12/15 v1.6 Cleanup title references (HO)
 (C:\MiKTeX\tex/latex/kvoptions\kvoptions.sty
Package: kvoptions 2022-06-15 v3.15 Key value format for package options (HO)
))
\c@section@level=\count312
) (C:\MiKTeX\tex/latex/etoolbox\etoolbox.sty
Package: etoolbox 2020/10/05 v2.5k e-TeX tools for LaTeX (JAW)
\etb@tempcnta=\count313
)
\@linkdim=\dimen279
\Hy@linkcounter=\count314
\Hy@pagecounter=\count315
 (C:\MiKTeX\tex/latex/hyperref\pd1enc.def
File: pd1enc.def 2024-01-20 v7.01h Hyperref: PDFDocEncoding definition (HO)
Now handling font encoding PD1 ...
... no UTF-8 mapping file for font encoding PD1
) (C:\MiKTeX\tex/generic/intcalc\intcalc.sty
Package: intcalc 2019/12/15 v1.3 Expandable calculations with integers (HO)
)
\Hy@SavedSpaceFactor=\count316
 (C:\MiKTeX\tex/latex/hyperref\puenc.def
File: puenc.def 2024-01-20 v7.01h Hyperref: PDF Unicode definition (HO)
Now handling font encoding PU ...
... no UTF-8 mapping file for font encoding PU
)
Package hyperref Info: Hyper figures OFF on input line 4179.
Package hyperref Info: Link nesting OFF on input line 4184.
Package hyperref Info: Hyper index ON on input line 4187.
Package hyperref Info: Plain pages OFF on input line 4194.
Package hyperref Info: Backreferencing OFF on input line 4199.
Package hyperref Info: Implicit mode ON; LaTeX internals redefined.
Package hyperref Info: Bookmarks ON on input line 4446.
\c@Hy@tempcnt=\count317
 (C:\MiKTeX\tex/latex/url\url.sty
\Urlmuskip=\muskip17
Package: url 2013/09/16  ver 3.4  Verb mode for urls, etc.
)
LaTeX Info: Redefining \url on input line 4784.
\XeTeXLinkMargin=\dimen280
 (C:\MiKTeX\tex/generic/bitset\bitset.sty
Package: bitset 2019/12/09 v1.3 Handle bit-vector datatype (HO)
 (C:\MiKTeX\tex/generic/bigintcalc\bigintcalc.sty
Package: bigintcalc 2019/12/15 v1.5 Expandable calculations on big integers (HO)
))
\Fld@menulength=\count318
\Field@Width=\dimen281
\Fld@charsize=\dimen282
Package hyperref Info: Hyper figures OFF on input line 6063.
Package hyperref Info: Link nesting OFF on input line 6068.
Package hyperref Info: Hyper index ON on input line 6071.
Package hyperref Info: backreferencing OFF on input line 6078.
Package hyperref Info: Link coloring OFF on input line 6083.
Package hyperref Info: Link coloring with OCG OFF on input line 6088.
Package hyperref Info: PDF/A mode OFF on input line 6093.
 (C:\MiKTeX\tex/latex/base\atbegshi-ltx.sty
Package: atbegshi-ltx 2021/01/10 v1.0c Emulation of the original atbegshi
package with kernel methods
)
\Hy@abspage=\count319
\c@Item=\count320
\c@Hfootnote=\count321
)
Package hyperref Info: Driver (autodetected): hpdftex.
 (C:\MiKTeX\tex/latex/hyperref\hpdftex.def
File: hpdftex.def 2024-01-20 v7.01h Hyperref driver for pdfTeX
 (C:\MiKTeX\tex/latex/base\atveryend-ltx.sty
Package: atveryend-ltx 2020/08/19 v1.0a Emulation of the original atveryend package
with kernel methods
)
\Fld@listcount=\count322
\c@bookmark@seq@number=\count323
 (C:\MiKTeX\tex/latex/rerunfilecheck\rerunfilecheck.sty
Package: rerunfilecheck 2022-07-10 v1.10 Rerun checks for auxiliary files (HO)
 (C:\MiKTeX\tex/generic/uniquecounter\uniquecounter.sty
Package: uniquecounter 2019/12/15 v1.4 Provide unlimited unique counter (HO)
)
Package uniquecounter Info: New unique counter `rerunfilecheck' on input line 285.
)
\Hy@SectionHShift=\skip74
) (C:\MiKTeX\tex/latex/cprotect\cprotect.sty
Package: cprotect 2011/01/27 v1.0e (Bruno Le Floch)
 (C:\MiKTeX\tex/latex/bigfoot\suffix.sty
Package: suffix 2006/07/15 1.5a Variant command support
)
\CPT@WriteOut=\write4
\c@CPT@WriteCount=\count324
\c@CPT@numB=\count325
\CPT@commandatend@toks=\toks50
) (C:\MiKTeX\tex/latex/pdfpages\pdfpages.sty
Package: pdfpages 2024/01/21 v0.5y Insert pages of external PDF documents (AM)
 (C:\MiKTeX\tex/latex/tools\calc.sty
Package: calc 2023/07/08 v4.3 Infix arithmetic (KKT,FJ)
\calc@Acount=\count326
\calc@Bcount=\count327
\calc@Adimen=\dimen283
\calc@Bdimen=\dimen284
\calc@Askip=\skip75
\calc@Bskip=\skip76
LaTeX Info: Redefining \setlength on input line 80.
LaTeX Info: Redefining \addtolength on input line 81.
\calc@Ccount=\count328
\calc@Cskip=\skip77
) (C:\MiKTeX\tex/latex/eso-pic\eso-pic.sty
Package: eso-pic 2023/05/03 v3.0c eso-pic (RN)
\ESO@tempdima=\dimen285
\ESO@tempdimb=\dimen286
)
\AM@pagewidth=\dimen287
\AM@pageheight=\dimen288
\AM@fboxrule=\dimen289
 (C:\MiKTeX\tex/latex/pdfpages\pppdftex.def
File: pppdftex.def 2024/01/21 v0.5y Pdfpages driver for pdfTeX (AM)
)
\pdfpages@includegraphics@status=\count329
\AM@pagebox=\box69
\AM@global@opts=\toks51
\AM@pagecnt=\count330
\AM@toc@title=\toks52
\AM@lof@heading=\toks53
\c@AM@survey=\count331
\AM@templatesizebox=\box70
) (C:\MiKTeX\tex/latex/enumitem\enumitem.sty
Package: enumitem 2019/06/20 v3.9 Customized lists
\labelindent=\skip78
\enit@outerparindent=\dimen290
\enit@toks=\toks54
\enit@inbox=\box71
\enit@count@id=\count332
\enitdp@description=\count333
) (C:\MiKTeX\tex/latex/microtype\microtype.sty
Package: microtype 2024/03/29 v3.1b Micro-typographical refinements (RS)
\MT@toks=\toks55
\MT@tempbox=\box72
\MT@count=\count334
LaTeX Info: Redefining \noprotrusionifhmode on input line 1061.
LaTeX Info: Redefining \leftprotrusion on input line 1062.
\MT@prot@toks=\toks56
LaTeX Info: Redefining \rightprotrusion on input line 1081.
LaTeX Info: Redefining \textls on input line 1392.
\MT@outer@kern=\dimen291
LaTeX Info: Redefining \textmicrotypecontext on input line 2013.
\MT@listname@count=\count335
 (C:\MiKTeX\tex/latex/microtype\microtype-pdftex.def
File: microtype-pdftex.def 2024/03/29 v3.1b Definitions specific to pdftex (RS)
LaTeX Info: Redefining \lsstyle on input line 902.
LaTeX Info: Redefining \lslig on input line 902.
\MT@outer@space=\skip79
)
Package microtype Info: Loading configuration file microtype.cfg.
 (C:\MiKTeX\tex/latex/microtype\microtype.cfg
File: microtype.cfg 2024/03/29 v3.1b microtype main configuration file (RS)
))
LaTeX Font Info:    Trying to load font information for T1+lmr on input line 62.
 (C:\MiKTeX\tex/latex/lm\t1lmr.fd
File: t1lmr.fd 2015/05/01 v1.6.1 Font defs for Latin Modern
) (C:\MiKTeX\tex/latex/l3backend\l3backend-pdftex.def
File: l3backend-pdftex.def 2024-04-11 L3 backend support: PDF output (pdfTeX)
\l__color_backend_stack_int=\count336
\l__pdf_internal_box=\box73
) (main.aux)
\openout1 = `main.aux'.

LaTeX Font Info:    Checking defaults for OML/cmm/m/it on input line 62.
LaTeX Font Info:    ... okay on input line 62.
LaTeX Font Info:    Checking defaults for OMS/cmsy/m/n on input line 62.
LaTeX Font Info:    ... okay on input line 62.
LaTeX Font Info:    Checking defaults for OT1/cmr/m/n on input line 62.
LaTeX Font Info:    ... okay on input line 62.
LaTeX Font Info:    Checking defaults for T1/cmr/m/n on input line 62.
LaTeX Font Info:    ... okay on input line 62.
LaTeX Font Info:    Checking defaults for TS1/cmr/m/n on input line 62.
LaTeX Font Info:    ... okay on input line 62.
LaTeX Font Info:    Checking defaults for OMX/cmex/m/n on input line 62.
LaTeX Font Info:    ... okay on input line 62.
LaTeX Font Info:    Checking defaults for U/cmr/m/n on input line 62.
LaTeX Font Info:    ... okay on input line 62.
LaTeX Font Info:    Checking defaults for PD1/pdf/m/n on input line 62.
LaTeX Font Info:    ... okay on input line 62.
LaTeX Font Info:    Checking defaults for PU/pdf/m/n on input line 62.
LaTeX Font Info:    ... okay on input line 62.
 (C:\MiKTeX\tex/context/base/mkii\supp-pdf.mkii
[Loading MPS to PDF converter (version 2006.09.02).]
\scratchcounter=\count337
\scratchdimen=\dimen292
\scratchbox=\box74
\nofMPsegments=\count338
\nofMParguments=\count339
\everyMPshowfont=\toks57
\MPscratchCnt=\count340
\MPscratchDim=\dimen293
\MPnumerator=\count341
\makeMPintoPDFobject=\count342
\everyMPtoPDFconversion=\toks58
) (C:\MiKTeX\tex/latex/epstopdf-pkg\epstopdf-base.sty
Package: epstopdf-base 2020-01-24 v2.11 Base part for package epstopdf
Package epstopdf-base Info: Redefining graphics rule for `.eps' on input line 485.
 (C:\MiKTeX\tex/latex/00miktex\epstopdf-sys.cfg
File: epstopdf-sys.cfg 2021/03/18 v2.0 Configuration of epstopdf for MiKTeX
))
LaTeX Info: Redefining \degres on input line 62.
Package french.ldf Info: Setting StandardItemizeEnv=true for
(french.ldf)             compatibility with enumitem package,
(french.ldf)             reported on input line 62.
Package french.ldf Info: Setting StandardEnumerateEnv=true for
(french.ldf)             compatibility with enumitem package,
(french.ldf)             reported on input line 62.
LaTeX Info: Redefining \up on input line 62.

*geometry* driver: auto-detecting
*geometry* detected driver: pdftex
*geometry* verbose mode - [ preamble ] result:
* driver: pdftex
* paper: a4paper
* layout: <same size as paper>
* layoutoffset:(h,v)=(0.0pt,0.0pt)
* modes: 
* h-part:(L,W,R)=(71.13188pt, 455.24411pt, 71.13188pt)
* v-part:(T,H,B)=(71.13188pt, 702.78308pt, 71.13188pt)
* \paperwidth=597.50787pt
* \paperheight=845.04684pt
* \textwidth=455.24411pt
* \textheight=702.78308pt
* \oddsidemargin=-1.1381pt
* \evensidemargin=-1.1381pt
* \topmargin=-38.1381pt
* \headheight=15.0pt
* \headsep=25.0pt
* \topskip=11.0pt
* \footskip=30.0pt
* \marginparwidth=50.0pt
* \marginparsep=10.0pt
* \columnsep=10.0pt
* \skip\footins=10.0pt plus 4.0pt minus 2.0pt
* \hoffset=0.0pt
* \voffset=0.0pt
* \mag=1000
* \@twocolumnfalse
* \@twosidefalse
* \@mparswitchfalse
* \@reversemarginfalse
* (1in=72.27pt=25.4mm, 1cm=28.453pt)

Package hyperref Info: Link coloring OFF on input line 62.
(main.out) (main.out)
\@outlinefile=\write5
\openout5 = `main.out'.

 (C:\MiKTeX\tex/latex/pdflscape\pdflscape.sty
Package: pdflscape 2022-10-27 v0.13 Display of landscape pages in PDF
 (C:\MiKTeX\tex/latex/pdflscape\pdflscape-nometadata.sty
Package: pdflscape-nometadata 2022-10-28 v0.13 Display of landscape pages in PDF (HO)
 (C:\MiKTeX\tex/latex/graphics\lscape.sty
Package: lscape 2020/05/28 v3.02 Landscape Pages (DPC)
)
Package pdflscape Info: Auto-detected driver: pdftex on input line 81.
))
LaTeX Info: Redefining \microtypecontext on input line 62.
Package microtype Info: Applying patch `item' on input line 62.
Package microtype Info: Applying patch `toc' on input line 62.
Package microtype Info: Applying patch `eqnum' on input line 62.
Package microtype Info: Applying patch `footnote' on input line 62.
Package microtype Info: Applying patch `verbatim' on input line 62.
Package microtype Info: Generating PDF output.
Package microtype Info: Character protrusion enabled (level 2).
Package microtype Info: Using default protrusion set `alltext'.
Package microtype Info: Automatic font expansion enabled (level 2),
(microtype)             stretch: 20, shrink: 20, step: 1, non-selected.
Package microtype Info: Using default expansion set `alltext-nott'.
LaTeX Info: Redefining \showhyphens on input line 62.
Package microtype Info: No adjustment of tracking.
Package microtype Info: No adjustment of interword spacing.
Package microtype Info: No adjustment of character kerning.
 (C:\MiKTeX\tex/latex/microtype\mt-cmr.cfg
File: mt-cmr.cfg 2013/05/19 v2.2 microtype config. file: Computer Modern Roman (RS)
) (Page1.tex
<chap1.images/essec.png, id=462, 314.17375pt x 161.60374pt>
File: chap1.images/essec.png Graphic file (type png)
<use chap1.images/essec.png>
Package pdftex.def Info: chap1.images/essec.png  used on input line 21.
(pdftex.def)             Requested size: 136.57462pt x 70.2502pt.
<chap1.images/digidlogo.png, id=463, 177.66376pt x 100.87688pt>
File: chap1.images/digidlogo.png Graphic file (type png)
<use chap1.images/digidlogo.png>
Package pdftex.def Info: chap1.images/digidlogo.png  used on input line 40.
(pdftex.def)             Requested size: 81.9406pt x 46.52705pt.
<chap1.images/binomi.jpg, id=465, 1541.76pt x 2055.68pt>
File: chap1.images/binomi.jpg Graphic file (type jpg)
<use chap1.images/binomi.jpg>
Package pdftex.def Info: chap1.images/binomi.jpg  used on input line 67.
(pdftex.def)             Requested size: 455.24411pt x 606.98495pt.
File: chap1.images/binomi.jpg Graphic file (type jpg)
<use chap1.images/binomi.jpg>
Package pdftex.def Info: chap1.images/binomi.jpg  used on input line 73.
(pdftex.def)             Requested size: 455.24411pt x 606.98495pt.
 [1

{C:/Users/itsba/AppData/Local/MiKTeX/fonts/map/pdftex/pdftex.map}{C:/MiKTeX/fonts/enc/dvips/lm/lm-ec.enc} <./chap1.images/essec.png> <./chap1.images/digidlogo.png>] [2 <./chap1.images/binomi.jpg>] [3]) (main.toc
LaTeX Font Info:    Trying to load font information for OT1+lmr on input line 7.
 (C:\MiKTeX\tex/latex/lm\ot1lmr.fd
File: ot1lmr.fd 2015/05/01 v1.6.1 Font defs for Latin Modern
)
LaTeX Font Info:    Trying to load font information for OML+lmm on input line 7.
 (C:\MiKTeX\tex/latex/lm\omllmm.fd
File: omllmm.fd 2015/05/01 v1.6.1 Font defs for Latin Modern
)
LaTeX Font Info:    Trying to load font information for OMS+lmsy on input line 7.
 (C:\MiKTeX\tex/latex/lm\omslmsy.fd
File: omslmsy.fd 2015/05/01 v1.6.1 Font defs for Latin Modern
)
LaTeX Font Info:    Trying to load font information for OMX+lmex on input line 7.
 (C:\MiKTeX\tex/latex/lm\omxlmex.fd
File: omxlmex.fd 2015/05/01 v1.6.1 Font defs for Latin Modern
)
LaTeX Font Info:    External font `lmex10' loaded for size
(Font)              <10.95> on input line 7.
LaTeX Font Info:    External font `lmex10' loaded for size
(Font)              <8> on input line 7.
LaTeX Font Info:    External font `lmex10' loaded for size
(Font)              <6> on input line 7.
LaTeX Font Info:    Trying to load font information for U+msa on input line 7.
 (C:\MiKTeX\tex/latex/amsfonts\umsa.fd
File: umsa.fd 2013/01/14 v3.01 AMS symbols A
) (C:\MiKTeX\tex/latex/microtype\mt-msa.cfg
File: mt-msa.cfg 2006/02/04 v1.1 microtype config. file: AMS symbols (a) (RS)
)
LaTeX Font Info:    Trying to load font information for U+msb on input line 7.
 (C:\MiKTeX\tex/latex/amsfonts\umsb.fd
File: umsb.fd 2013/01/14 v3.01 AMS symbols B
) (C:\MiKTeX\tex/latex/microtype\mt-msb.cfg
File: mt-msb.cfg 2005/06/01 v1.0 microtype config. file: AMS symbols (b) (RS)
) [4

] [5] [6])
\tf@toc=\write6
\openout6 = `main.toc'.

 [7] (main.lof [8

] [9])
\tf@lof=\write7
\openout7 = `main.lof'.

 [10] (main.lot)
\tf@lot=\write8
\openout8 = `main.lot'.

 [11

] (Dedicace.tex) (Remerciement.tex) (Introduction.tex
Underfull \hbox (badness 10000) in paragraph at lines 6--7

 []


Underfull \hbox (badness 10000) in paragraph at lines 8--9

 []

) (chap1.tex [12

]
Chapitre 1.

Underfull \hbox (badness 10000) in paragraph at lines 16--18

 []

File: chap1.images/digidlogo.png Graphic file (type png)
<use chap1.images/digidlogo.png>
Package pdftex.def Info: chap1.images/digidlogo.png  used on input line 22.
(pdftex.def)             Requested size: 88.83165pt x 50.43831pt.
Package microtype Info: Character `029' is missing
(microtype)             in font `T1/lmr/m/sc/10.95'.
(microtype)             Ignoring protrusion settings for this character.
[13

]
<chap1.images/org digid.png, id=873, 984.17688pt x 591.20876pt>
File: chap1.images/org digid.png Graphic file (type png)
<use chap1.images/org digid.png>
Package pdftex.def Info: chap1.images/org digid.png  used on input line 39.
(pdftex.def)             Requested size: 500.76724pt x 355.66618pt.

Overfull \hbox (45.52313pt too wide) in paragraph at lines 39--40
 [][] 
 []

<chap1.images/digid activités.png, id=874, 1541.25812pt x 590.70688pt>
File: chap1.images/digid activités.png Graphic file (type png)
<use chap1.images/digid activités.png>
Package pdftex.def Info: chap1.images/digid activités.png  used on input line 48.
(pdftex.def)             Requested size: 455.23163pt x 113.8038pt.
[14 <./chap1.images/org digid.png> <./chap1.images/digid activités.png>] [15]
Underfull \hbox (badness 10000) in paragraph at lines 91--92

 []

[16]
Underfull \hbox (badness 10000) in paragraph at lines 101--102

 []

<chap1.images/scrum-process-slide2_2.png, id=890, 542.025pt x 350.81062pt>
File: chap1.images/scrum-process-slide2_2.png Graphic file (type png)
<use chap1.images/scrum-process-slide2_2.png>
Package pdftex.def Info: chap1.images/scrum-process-slide2_2.png  used on input line 105.
(pdftex.def)             Requested size: 455.24411pt x 294.65213pt.

Underfull \hbox (badness 10000) in paragraph at lines 113--114

 []

[17 <./chap1.images/scrum-process-slide2_2.png>]
Underfull \hbox (badness 10000) in paragraph at lines 128--130

 []


Underfull \hbox (badness 10000) in paragraph at lines 131--132

 []


Underfull \hbox (badness 10000) in paragraph at lines 132--133

 []

<chap1.images/UML.png, id=896, 642.4pt x 466.74374pt>
File: chap1.images/UML.png Graphic file (type png)
<use chap1.images/UML.png>
Package pdftex.def Info: chap1.images/UML.png  used on input line 146.
(pdftex.def)             Requested size: 91.04742pt x 66.14845pt.
[18{C:/MiKTeX/fonts/enc/dvips/lm/lm-mathsy.enc} <./chap1.images/UML.png>]
<chap1.images/java.jpg, id=903, 513.92pt x 513.92pt>
File: chap1.images/java.jpg Graphic file (type jpg)
<use chap1.images/java.jpg>
Package pdftex.def Info: chap1.images/java.jpg  used on input line 163.
(pdftex.def)             Requested size: 102.78217pt x 102.78217pt.
<chap1.images/python.jpg, id=904, 566.115pt x 566.115pt>
File: chap1.images/python.jpg Graphic file (type jpg)
<use chap1.images/python.jpg>
Package pdftex.def Info: chap1.images/python.jpg  used on input line 174.
(pdftex.def)             Requested size: 84.91357pt x 84.91357pt.
<chap1.images/MySQL.png, id=905, 376.40625pt x 231.86626pt>
File: chap1.images/MySQL.png Graphic file (type png)
<use chap1.images/MySQL.png>
Package pdftex.def Info: chap1.images/MySQL.png  used on input line 184.
(pdftex.def)             Requested size: 112.92273pt x 69.56041pt.
 [19 <./chap1.images/java.jpg> <./chap1.images/python.jpg> <./chap1.images/MySQL.png>]
<chap1.images/reactjs_logo.png, id=912, 513.92pt x 256.96pt>
File: chap1.images/reactjs_logo.png Graphic file (type png)
<use chap1.images/reactjs_logo.png>
Package pdftex.def Info: chap1.images/reactjs_logo.png  used on input line 194.
(pdftex.def)             Requested size: 143.8966pt x 71.9483pt.
<chap1.images/Node_logo_NodeJS.png, id=913, 3764.0625pt x 2304.35907pt>
File: chap1.images/Node_logo_NodeJS.png Graphic file (type png)
<use chap1.images/Node_logo_NodeJS.png>
Package pdftex.def Info: chap1.images/Node_logo_NodeJS.png  used on input line 203.
(pdftex.def)             Requested size: 94.07835pt x 57.59477pt.
<chap1.images/rest-api-flow.png, id=914, 624.08156pt x 457.71pt>
File: chap1.images/rest-api-flow.png Graphic file (type png)
<use chap1.images/rest-api-flow.png>
Package pdftex.def Info: chap1.images/rest-api-flow.png  used on input line 213.
(pdftex.def)             Requested size: 280.8341pt x 205.96759pt.
 [20 <./chap1.images/reactjs_logo.png> <./chap1.images/Node_logo_NodeJS.png> <./chap1.images/rest-api-flow.png>]
<chap1.images/FigmaLogo.png, id=922, 1027.84pt x 1027.84pt>
File: chap1.images/FigmaLogo.png Graphic file (type png)
<use chap1.images/FigmaLogo.png>
Package pdftex.def Info: chap1.images/FigmaLogo.png  used on input line 256.
(pdftex.def)             Requested size: 71.95615pt x 71.95615pt.
<chap1.images/andoird studio.png, id=923, 250.9375pt x 250.9375pt>
File: chap1.images/andoird studio.png Graphic file (type png)
<use chap1.images/andoird studio.png>
Package pdftex.def Info: chap1.images/andoird studio.png  used on input line 267.
(pdftex.def)             Requested size: 75.28181pt x 75.28181pt.
 [21 <./chap1.images/FigmaLogo.png> <./chap1.images/andoird studio.png>]
<chap1.images/overleaflogo.png, id=930, 845.3181pt x 279.9258pt>
File: chap1.images/overleaflogo.png Graphic file (type png)
<use chap1.images/overleaflogo.png>
Package pdftex.def Info: chap1.images/overleaflogo.png  used on input line 278.
(pdftex.def)             Requested size: 118.34372pt x 39.18933pt.
<chap1.images/spyder_logo.png, id=931, 388.45125pt x 137.51375pt>
File: chap1.images/spyder_logo.png Graphic file (type png)
<use chap1.images/spyder_logo.png>
Package pdftex.def Info: chap1.images/spyder_logo.png  used on input line 290.
(pdftex.def)             Requested size: 116.53627pt x 41.25444pt.
<chap1.images/jira-logo.png, id=932, 291.0875pt x 301.125pt>
File: chap1.images/jira-logo.png Graphic file (type png)
<use chap1.images/jira-logo.png>
Package pdftex.def Info: chap1.images/jira-logo.png  used on input line 299.
(pdftex.def)             Requested size: 58.21646pt x 60.22392pt.
 [22 <./chap1.images/overleaflogo.png> <./chap1.images/spyder_logo.png> <./chap1.images/jira-logo.png>]
<chap1.images/Slack.logo.png, id=940, 501.875pt x 282.05376pt>
File: chap1.images/Slack.logo.png Graphic file (type png)
<use chap1.images/Slack.logo.png>
Package pdftex.def Info: chap1.images/Slack.logo.png  used on input line 310.
(pdftex.def)             Requested size: 110.41283pt x 62.052pt.
<chap1.images/material-ui-logo.png, id=941, 301.125pt x 238.8925pt>
File: chap1.images/material-ui-logo.png Graphic file (type png)
<use chap1.images/material-ui-logo.png>
Package pdftex.def Info: chap1.images/material-ui-logo.png  used on input line 321.
(pdftex.def)             Requested size: 68.28319pt x 51.21507pt.
<chap1.images/vismelogo.jpg, id=942, 491.8375pt x 231.86626pt>
File: chap1.images/vismelogo.jpg Graphic file (type jpg)
<use chap1.images/vismelogo.jpg>
Package pdftex.def Info: chap1.images/vismelogo.jpg  used on input line 330.
(pdftex.def)             Requested size: 147.55238pt x 69.56041pt.
<chap1.images/Postman-Logo.jpg, id=943, 335.75438pt x 296.60812pt>
File: chap1.images/Postman-Logo.jpg Graphic file (type jpg)
<use chap1.images/Postman-Logo.jpg>
Package pdftex.def Info: chap1.images/Postman-Logo.jpg  used on input line 339.
(pdftex.def)             Requested size: 94.01057pt x 83.0497pt.
 [23 <./chap1.images/Slack.logo.png> <./chap1.images/material-ui-logo.png> <./chap1.images/vismelogo.jpg> <./chap1.images/Postman-Logo.jpg>]
Underfull \hbox (badness 10000) in paragraph at lines 355--356

 []

<chap1.images/jira.png, id=950, 1444.64719pt x 686.565pt>
File: chap1.images/jira.png Graphic file (type png)
<use chap1.images/jira.png>
Package pdftex.def Info: chap1.images/jira.png  used on input line 359.
(pdftex.def)             Requested size: 386.96027pt x 183.89789pt.
<chap1.images/depot git.png, id=951, 939.51pt x 360.59718pt>
File: chap1.images/depot git.png Graphic file (type png)
<use chap1.images/depot git.png>
Package pdftex.def Info: chap1.images/depot git.png  used on input line 366.
(pdftex.def)             Requested size: 386.96027pt x 148.51707pt.
[24 <./chap1.images/jira.png> <./chap1.images/depot git.png>]) (chap2.tex [25]
Chapitre 2.

Package hyperref Warning: The anchor of a bookmark and its parent's must not
(hyperref)                be the same. Added a new anchor on input line 4.


Underfull \hbox (badness 10000) in paragraph at lines 17--18

 []


Underfull \hbox (badness 10000) in paragraph at lines 19--20

 []


Underfull \hbox (badness 10000) in paragraph at lines 21--22

 []

[26

]
Underfull \hbox (badness 10000) in paragraph at lines 23--24

 []

<chap2.images/Diagramme des acteurs.png, id=967, 1884.03876pt x 2467.71938pt>
File: chap2.images/Diagramme des acteurs.png Graphic file (type png)
<use chap2.images/Diagramme des acteurs.png>
Package pdftex.def Info: chap2.images/Diagramme des acteurs.png  used on input line 29.
(pdftex.def)             Requested size: 318.6437pt x 341.4117pt.
[27 <./chap2.images/Diagramme des acteurs.png>]
Underfull \hbox (badness 10000) in paragraph at lines 42--43

 []


Underfull \hbox (badness 10000) in paragraph at lines 47--48

 []


Underfull \hbox (badness 10000) in paragraph at lines 49--50

 []


Underfull \hbox (badness 10000) in paragraph at lines 51--52

 []


Underfull \hbox (badness 10000) in paragraph at lines 53--54

 []


Underfull \hbox (badness 10000) in paragraph at lines 55--56

 []


Underfull \hbox (badness 10000) in paragraph at lines 57--58

 []


Underfull \hbox (badness 10000) in paragraph at lines 59--60

 []


Underfull \hbox (badness 10000) in paragraph at lines 61--62

 []


Underfull \hbox (badness 10000) in paragraph at lines 63--64

 []


Underfull \hbox (badness 10000) in paragraph at lines 65--66

 []

[28]
Underfull \hbox (badness 10000) in paragraph at lines 67--68

 []


Underfull \hbox (badness 10000) in paragraph at lines 69--70

 []


Underfull \hbox (badness 10000) in paragraph at lines 71--72

 []


Underfull \hbox (badness 10000) in paragraph at lines 73--74

 []


Underfull \hbox (badness 10000) in paragraph at lines 86--87

 []


Underfull \hbox (badness 10000) in paragraph at lines 88--89

 []


Underfull \hbox (badness 10000) in paragraph at lines 90--91

 []

[29]
<chap2.images/use case global.png, id=981, 4717.625pt x 4817.49812pt>
File: chap2.images/use case global.png Graphic file (type png)
<use chap2.images/use case global.png>
Package pdftex.def Info: chap2.images/use case global.png  used on input line 106.
(pdftex.def)             Requested size: 455.23358pt x 512.13725pt.
 [30 <./chap2.images/use case global.png>]
Underfull \hbox (badness 10000) in paragraph at lines 120--122

 []


Underfull \hbox (badness 10000) in paragraph at lines 122--123

 []


Underfull \hbox (badness 10000) in paragraph at lines 123--124

 []


Underfull \hbox (badness 10000) in paragraph at lines 124--125

 []

[31] [32]
<chap2.images/splash web.png, id=996, 2922.92pt x 1710.89188pt>
File: chap2.images/splash web.png Graphic file (type png)
<use chap2.images/splash web.png>
Package pdftex.def Info: chap2.images/splash web.png  used on input line 231.
(pdftex.def)             Requested size: 273.13107pt x 170.70761pt.
<chap2.images/splash mob.png, id=997, 458.71375pt x 807.015pt>
File: chap2.images/splash mob.png Graphic file (type png)
<use chap2.images/splash mob.png>
Package pdftex.def Info: chap2.images/splash mob.png  used on input line 237.
(pdftex.def)             Requested size: 103.79408pt x 170.70955pt.
 [33 <./chap2.images/splash web.png> <./chap2.images/splash mob.png>]
<chap2.images/prot authentification.png, id=1004, 2272.49pt x 1349.04pt>
File: chap2.images/prot authentification.png Graphic file (type png)
<use chap2.images/prot authentification.png>
Package pdftex.def Info: chap2.images/prot authentification.png  used on input line 250.
(pdftex.def)             Requested size: 273.13782pt x 170.70863pt.
<chap2.images/prot authentification mob.png, id=1005, 431.6125pt x 782.42313pt>
File: chap2.images/prot authentification mob.png Graphic file (type png)
<use chap2.images/prot authentification mob.png>
Package pdftex.def Info: chap2.images/prot authentification mob.png  used on input line 256.
(pdftex.def)             Requested size: 103.79327pt x 170.7129pt.
<chap2.images/prot modifer web.png, id=1006, 1759.07187pt x 1148.79187pt>
File: chap2.images/prot modifer web.png Graphic file (type png)
<use chap2.images/prot modifer web.png>
Package pdftex.def Info: chap2.images/prot modifer web.png  used on input line 269.
(pdftex.def)             Requested size: 273.13646pt x 170.71619pt.
<chap2.images/prot modifier mob.png, id=1007, 448.67625pt x 846.16125pt>
File: chap2.images/prot modifier mob.png Graphic file (type png)
<use chap2.images/prot modifier mob.png>
Package pdftex.def Info: chap2.images/prot modifier mob.png  used on input line 275.
(pdftex.def)             Requested size: 103.79584pt x 170.71405pt.
 [34 <./chap2.images/prot authentification.png> <./chap2.images/prot authentification mob.png> <./chap2.images/prot modifer web.png> <./chap2.images/prot modifier mob.png>]
<chap2.images/prot gestion user.png, id=1016, 2318.6625pt x 1394.20876pt>
File: chap2.images/prot gestion user.png Graphic file (type png)
<use chap2.images/prot gestion user.png>
Package pdftex.def Info: chap2.images/prot gestion user.png  used on input line 288.
(pdftex.def)             Requested size: 409.69919pt x 227.6093pt.
File: chap2.images/prot gestion user.png Graphic file (type png)
<use chap2.images/prot gestion user.png>
Package pdftex.def Info: chap2.images/prot gestion user.png  used on input line 293.
(pdftex.def)             Requested size: 409.69919pt x 227.6093pt.
 [35 <./chap2.images/prot gestion user.png>]
<chap2.images/maps web.png, id=1022, 2878.755pt x 1683.79062pt>
File: chap2.images/maps web.png Graphic file (type png)
<use chap2.images/maps web.png>
Package pdftex.def Info: chap2.images/maps web.png  used on input line 304.
(pdftex.def)             Requested size: 273.13316pt x 170.70125pt.
<chap2.images/map mobile.png, id=1023, 469.25313pt x 911.90688pt>
File: chap2.images/map mobile.png Graphic file (type png)
<use chap2.images/map mobile.png>
Package pdftex.def Info: chap2.images/map mobile.png  used on input line 310.
(pdftex.def)             Requested size: 103.7945pt x 170.71774pt.
 [36 <./chap2.images/maps web.png> <./chap2.images/map mobile.png>]
<chap2.images/palette.png, id=1030, 2972.10374pt x 2830.575pt>
File: chap2.images/palette.png Graphic file (type png)
<use chap2.images/palette.png>
Package pdftex.def Info: chap2.images/palette.png  used on input line 327.
(pdftex.def)             Requested size: 204.85846pt x 195.09393pt.
<chap2.images/logo.png, id=1031, 523.9575pt x 524.71031pt>
File: chap2.images/logo.png Graphic file (type png)
<use chap2.images/logo.png>
Package pdftex.def Info: chap2.images/logo.png  used on input line 333.
(pdftex.def)             Requested size: 163.88739pt x 164.12369pt.

Underfull \hbox (badness 10000) in paragraph at lines 340--341

 []


Underfull \hbox (badness 10000) in paragraph at lines 343--344

 []

[37 <./chap2.images/palette.png> <./chap2.images/logo.png>]
<chap2.images/user flow ( Définition des éléments ).png, id=1040, 819.8128pt x 331.99031pt>
File: chap2.images/user flow ( Définition des éléments ).png Graphic file (type png)
<use chap2.images/user flow ( Définition des éléments ).png>
Package pdftex.def Info: chap2.images/user flow ( Définition des éléments ).png  used on input line 365.
(pdftex.def)             Requested size: 409.71692pt x 165.92381pt.
<chap2.images/vue global user flow.png, id=1041, 697.60625pt x 475.27562pt>
File: chap2.images/vue global user flow.png Graphic file (type png)
<use chap2.images/vue global user flow.png>
Package pdftex.def Info: chap2.images/vue global user flow.png  used on input line 374.
(pdftex.def)             Requested size: 318.66948pt x 217.10649pt.
 [38 <./chap2.images/user flow ( Définition des éléments ).png> <./chap2.images/vue global user flow.png>]
<chap2.images/org admin.png, id=1048, 1066.98625pt x 1102.1175pt>
File: chap2.images/org admin.png Graphic file (type png)
<use chap2.images/org admin.png>
Package pdftex.def Info: chap2.images/org admin.png  used on input line 385.
(pdftex.def)             Requested size: 455.24593pt x 483.70557pt.
 [39 <./chap2.images/org admin.png>]
<chap2.images/org chauffeur.png, id=1055, 949.5475pt x 935.495pt>
File: chap2.images/org chauffeur.png Graphic file (type png)
<use chap2.images/org chauffeur.png>
Package pdftex.def Info: chap2.images/org chauffeur.png  used on input line 394.
(pdftex.def)             Requested size: 455.24153pt x 483.70522pt.
 [40 <./chap2.images/org chauffeur.png>]
<chap2.images/org mecanicien.png, id=1062, 962.59625pt x 816.04875pt>
File: chap2.images/org mecanicien.png Graphic file (type png)
<use chap2.images/org mecanicien.png>
Package pdftex.def Info: chap2.images/org mecanicien.png  used on input line 402.
(pdftex.def)             Requested size: 455.2404pt x 483.70593pt.
 [41 <./chap2.images/org mecanicien.png>]
<chap2.images/org chef d'equipe.png, id=1069, 1175.39125pt x 778.91pt>
File: chap2.images/org chef d'equipe.png Graphic file (type png)
<use chap2.images/org chef d'equipe.png>
Package pdftex.def Info: chap2.images/org chef d'equipe.png  used on input line 410.
(pdftex.def)             Requested size: 455.24419pt x 483.69176pt.
 [42 <./chap2.images/org chef d'equipe.png>] [43]
<chap2.images/diagramme de gantt.png, id=1081, 3754.52687pt x 2006.49625pt>
File: chap2.images/diagramme de gantt.png Graphic file (type png)
<use chap2.images/diagramme de gantt.png>
Package pdftex.def Info: chap2.images/diagramme de gantt.png  used on input line 440.
(pdftex.def)             Requested size: 455.22153pt x 312.96317pt.
) (chap3.tex [44 <./chap2.images/diagramme de gantt.png>]
Chapitre 3.

Underfull \hbox (badness 10000) in paragraph at lines 19--20
[]|\T1/lmr/bx/n/10.95 (+20) Story
 []


Overfull \hbox (1.67863pt too wide) in paragraph at lines 19--20
\T1/lmr/bx/n/10.95 (-20) points| 
 []

[45

]
<chap3.images/usecase global sprint 1.png, id=1091, 526.96875pt x 500.62032pt>
File: chap3.images/usecase global sprint 1.png Graphic file (type png)
<use chap3.images/usecase global sprint 1.png>
Package pdftex.def Info: chap3.images/usecase global sprint 1.png  used on input line 58.
(pdftex.def)             Requested size: 409.73938pt x 256.0845pt.
 [46 <./chap3.images/usecase global sprint 1.png>]
<chap3.images/1.png, id=1097, 2810.5pt x 2753.28625pt>
File: chap3.images/1.png Graphic file (type png)
<use chap3.images/1.png>
Package pdftex.def Info: chap3.images/1.png  used on input line 79.
(pdftex.def)             Requested size: 455.22133pt x 512.12276pt.
 [47 <./chap3.images/1.png>]
<chap3.images/2.png, id=1103, 3677.74pt x 2753.28625pt>
File: chap3.images/2.png Graphic file (type png)
<use chap3.images/2.png>
Package pdftex.def Info: chap3.images/2.png  used on input line 86.
(pdftex.def)             Requested size: 455.22696pt x 512.12276pt.
 [48 <./chap3.images/2.png>]
Underfull \hbox (badness 10000) in paragraph at lines 107--108

 []


Underfull \hbox (badness 10000) in paragraph at lines 109--110

 []


Underfull \hbox (badness 10000) in paragraph at lines 111--112

 []


Underfull \hbox (badness 10000) in paragraph at lines 117--118

 []


Underfull \hbox (badness 10000) in paragraph at lines 119--120

 []


Underfull \hbox (badness 10000) in paragraph at lines 121--122

 []

[49]
<chap3.images/gerer raf sprint 1.png, id=1114, 4638.32875pt x 2448.14626pt>
File: chap3.images/gerer raf sprint 1.png Graphic file (type png)
<use chap3.images/gerer raf sprint 1.png>
Package pdftex.def Info: chap3.images/gerer raf sprint 1.png  used on input line 135.
(pdftex.def)             Requested size: 409.7171pt x 184.91049pt.
<chap3.images/3.png, id=1115, 2665.96pt x 2753.28625pt>
File: chap3.images/3.png Graphic file (type png)
<use chap3.images/3.png>
Package pdftex.def Info: chap3.images/3.png  used on input line 146.
(pdftex.def)             Requested size: 455.24117pt x 341.42918pt.
 [50 <./chap3.images/gerer raf sprint 1.png> <./chap3.images/3.png>]
Underfull \hbox (badness 10000) in paragraph at lines 166--167

 []


Underfull \hbox (badness 10000) in paragraph at lines 168--169

 []


Underfull \hbox (badness 10000) in paragraph at lines 172--173

 []


Underfull \hbox (badness 10000) in paragraph at lines 176--177

 []


Underfull \hbox (badness 10000) in paragraph at lines 178--179

 []


Underfull \hbox (badness 10000) in paragraph at lines 180--181

 []

[51] [52]
Underfull \hbox (badness 10000) in paragraph at lines 204--205

 []

<chap3.images/Authentification web.png, id=1130, 2910.875pt x 1710.39pt>
File: chap3.images/Authentification web.png Graphic file (type png)
<use chap3.images/Authentification web.png>
Package pdftex.def Info: chap3.images/Authentification web.png  used on input line 209.
(pdftex.def)             Requested size: 409.69612pt x 184.93338pt.
<chap3.images/authentification échoué.png, id=1131, 2889.79625pt x 1694.83188pt>
File: chap3.images/authentification échoué.png Graphic file (type png)
<use chap3.images/authentification échoué.png>
Package pdftex.def Info: chap3.images/authentification échoué.png  used on input line 215.
(pdftex.def)             Requested size: 409.6837pt x 184.93214pt.
[53 <./chap3.images/Authentification web.png> <./chap3.images/authentification échoué.png>]
<chap3.images/authentfication mob.png, id=1138, 432.11438pt x 779.41188pt>
File: chap3.images/authentfication mob.png Graphic file (type png)
<use chap3.images/authentfication mob.png>
Package pdftex.def Info: chap3.images/authentfication mob.png  used on input line 229.
(pdftex.def)             Requested size: 143.396pt x 270.30075pt.
<chap3.images/echec authentification mob.png, id=1139, 433.62pt x 784.43062pt>
File: chap3.images/echec authentification mob.png Graphic file (type png)
<use chap3.images/echec authentification mob.png>
Package pdftex.def Info: chap3.images/echec authentification mob.png  used on input line 236.
(pdftex.def)             Requested size: 143.3994pt x 270.30568pt.
<chap3.images/modifier profil (web).png, id=1140, 1926.19624pt x 946.53625pt>
File: chap3.images/modifier profil (web).png Graphic file (type png)
<use chap3.images/modifier profil (web).png>
Package pdftex.def Info: chap3.images/modifier profil (web).png  used on input line 254.
(pdftex.def)             Requested size: 273.13382pt x 170.7158pt.
<chap3.images/modifier profil mobile.png, id=1141, 175.65625pt x 380.42125pt>
File: chap3.images/modifier profil mobile.png Graphic file (type png)
<use chap3.images/modifier profil mobile.png>
Package pdftex.def Info: chap3.images/modifier profil mobile.png  used on input line 260.
(pdftex.def)             Requested size: 112.44908pt x 199.17268pt.
 [54 <./chap3.images/authentfication mob.png> <./chap3.images/echec authentification mob.png> <./chap3.images/modifier profil (web).png> <./chap3.images/modifier profil mobile.png>]
<chap3.images/Gérer user.png, id=1150, 1443.89438pt x 713.66624pt>
File: chap3.images/Gérer user.png Graphic file (type png)
<use chap3.images/Gérer user.png>
Package pdftex.def Info: chap3.images/Gérer user.png  used on input line 276.
(pdftex.def)             Requested size: 409.71692pt x 202.50403pt.
 [55 <./chap3.images/Gérer user.png>]
Underfull \hbox (badness 10000) in paragraph at lines 284--285

 []

<chap3.images/creer user.png, id=1157, 1444.64719pt x 712.91344pt>
File: chap3.images/creer user.png Graphic file (type png)
<use chap3.images/creer user.png>
Package pdftex.def Info: chap3.images/creer user.png  used on input line 288.
(pdftex.def)             Requested size: 409.71692pt x 202.18164pt.
[56 <./chap3.images/creer user.png>]
<chap3.images/burndown chart sprint 1.png, id=1163, 971.88094pt x 530.73282pt>
File: chap3.images/burndown chart sprint 1.png Graphic file (type png)
<use chap3.images/burndown chart sprint 1.png>
Package pdftex.def Info: chap3.images/burndown chart sprint 1.png  used on input line 307.
(pdftex.def)             Requested size: 455.24182pt x 213.39883pt.
<chap3.images/task board sprint 1.png, id=1164, 670.75594pt x 399.74344pt>
File: chap3.images/task board sprint 1.png Graphic file (type png)
<use chap3.images/task board sprint 1.png>
Package pdftex.def Info: chap3.images/task board sprint 1.png  used on input line 320.
(pdftex.def)             Requested size: 455.23802pt x 227.62433pt.
 [57 <./chap3.images/burndown chart sprint 1.png> <./chap3.images/task board sprint 1.png>]
Underfull \hbox (badness 10000) in paragraph at lines 328--333

 []

<chap3.images/code source test.png, id=1171, 1156.32pt x 572.89032pt>
File: chap3.images/code source test.png Graphic file (type png)
<use chap3.images/code source test.png>
Package pdftex.def Info: chap3.images/code source test.png  used on input line 339.
(pdftex.def)             Requested size: 364.1898pt x 199.16841pt.
<chap3.images/cas1.png, id=1172, 1118.67938pt x 578.91281pt>
File: chap3.images/cas1.png Graphic file (type png)
<use chap3.images/cas1.png>
Package pdftex.def Info: chap3.images/cas1.png  used on input line 347.
(pdftex.def)             Requested size: 364.19807pt x 199.16862pt.
<chap3.images/cas2.png, id=1173, 1120.9378pt x 603.0028pt>
File: chap3.images/cas2.png Graphic file (type png)
<use chap3.images/cas2.png>
Package pdftex.def Info: chap3.images/cas2.png  used on input line 354.
(pdftex.def)             Requested size: 364.19785pt x 199.16635pt.
[58 <./chap3.images/code source test.png> <./chap3.images/cas1.png>]) (chap4.tex [59 <./chap3.images/cas2.png>]
Chapitre 4.

Overfull \hbox (0.50194pt too wide) in paragraph at lines 18--19
[]|\T1/lmr/bx/n/10.95 (-20) Story
 []


Overfull \hbox (4.5241pt too wide) in paragraph at lines 18--19
\T1/lmr/bx/n/10.95 (-20) points| 
 []

[60

]
<chap4.images/dcu global sprint 2.png, id=1189, 3804.2125pt x 3351.52126pt>
File: chap4.images/dcu global sprint 2.png Graphic file (type png)
<use chap4.images/dcu global sprint 2.png>
Package pdftex.def Info: chap4.images/dcu global sprint 2.png  used on input line 44.
(pdftex.def)             Requested size: 455.20876pt x 284.49199pt.
<chap4.images/raf Gérer les véhicules.png, id=1190, 3981.87625pt x 1670.24pt>
File: chap4.images/raf Gérer les véhicules.png Graphic file (type png)
<use chap4.images/raf Gérer les véhicules.png>
Package pdftex.def Info: chap4.images/raf Gérer les véhicules.png  used on input line 56.
(pdftex.def)             Requested size: 455.2024pt x 156.48267pt.

Underfull \hbox (badness 10000) in paragraph at lines 79--80

 []


Underfull \hbox (badness 10000) in paragraph at lines 81--82

 []


Underfull \hbox (badness 1708) in paragraph at lines 83--84
[]\T1/lmr/m/n/10.95 (+20) 3- L'ad-mi-nis-tra-teur clique sur "Confir-mer" pour
 []


Underfull \hbox (badness 10000) in paragraph at lines 83--84

 []


Underfull \hbox (badness 10000) in paragraph at lines 85--86

 []


Underfull \hbox (badness 10000) in paragraph at lines 87--88

 []


Underfull \hbox (badness 10000) in paragraph at lines 92--93

 []


Underfull \hbox (badness 10000) in paragraph at lines 94--95

 []


Underfull \hbox (badness 10000) in paragraph at lines 96--97

 []


Underfull \hbox (badness 10000) in paragraph at lines 98--99

 []


Underfull \hbox (badness 10000) in paragraph at lines 100--101

 []

[61 <./chap4.images/dcu global sprint 2.png> <./chap4.images/raf Gérer les véhicules.png>]
Underfull \hbox (badness 10000) in paragraph at lines 115--116

 []

[62]
<chap4.images/dss ajout vehicules.png, id=1202, 2649.9pt x 2576.62625pt>
File: chap4.images/dss ajout vehicules.png Graphic file (type png)
<use chap4.images/dss ajout vehicules.png>
Package pdftex.def Info: chap4.images/dss ajout vehicules.png  used on input line 128.
(pdftex.def)             Requested size: 455.20784pt x 512.13153pt.
 [63 <./chap4.images/dss ajout vehicules.png>]
<chap4.images/raf creer taches.png, id=1208, 3721.905pt x 1125.70563pt>
File: chap4.images/raf creer taches.png Graphic file (type png)
<use chap4.images/raf creer taches.png>
Package pdftex.def Info: chap4.images/raf creer taches.png  used on input line 140.
(pdftex.def)             Requested size: 455.24167pt x 142.25877pt.

Underfull \hbox (badness 10000) in paragraph at lines 161--162

 []


Underfull \hbox (badness 10000) in paragraph at lines 167--168

 []


Underfull \hbox (badness 10000) in paragraph at lines 170--171

 []


Underfull \hbox (badness 1281) in paragraph at lines 172--173
[]\T1/lmr/m/n/10.95 (+20) 3- Le sys-tme af-fiche une liste des m-ca-ni-ciens
 []


Underfull \hbox (badness 10000) in paragraph at lines 172--173

 []


Underfull \hbox (badness 10000) in paragraph at lines 174--175

 []


Underfull \hbox (badness 10000) in paragraph at lines 188--189

 []


Underfull \hbox (badness 10000) in paragraph at lines 192--193

 []


Underfull \hbox (badness 10000) in paragraph at lines 194--195

 []


Underfull \hbox (badness 10000) in paragraph at lines 196--197

 []


Underfull \hbox (badness 10000) in paragraph at lines 198--199

 []

[64 <./chap4.images/raf creer taches.png>]
Underfull \hbox (badness 10000) in paragraph at lines 221--222

 []


Underfull \hbox (badness 10000) in paragraph at lines 227--228

 []


Underfull \hbox (badness 10000) in paragraph at lines 242--243

 []


Underfull \hbox (badness 10000) in paragraph at lines 244--245

 []


Underfull \hbox (badness 10000) in paragraph at lines 246--247

 []


Underfull \hbox (badness 10000) in paragraph at lines 248--249

 []


Underfull \hbox (badness 10000) in paragraph at lines 250--251

 []


Underfull \hbox (badness 10000) in paragraph at lines 255--256

 []


Underfull \hbox (badness 10000) in paragraph at lines 257--258

 []


Underfull \hbox (badness 10000) in paragraph at lines 259--260

 []


Underfull \hbox (badness 10000) in paragraph at lines 261--262

 []

[65] [66]
<chap4.images/dss creer taches.png, id=1222, 2826.56pt x 2938.98pt>
File: chap4.images/dss creer taches.png Graphic file (type png)
<use chap4.images/dss creer taches.png>
Package pdftex.def Info: chap4.images/dss creer taches.png  used on input line 278.
(pdftex.def)             Requested size: 455.2348pt x 540.60847pt.
 [67 <./chap4.images/dss creer taches.png>]
<chap4.images/raf consulter chauf.png, id=1229, 465.99094pt x 194.97844pt>
File: chap4.images/raf consulter chauf.png Graphic file (type png)
<use chap4.images/raf consulter chauf.png>
Package pdftex.def Info: chap4.images/raf consulter chauf.png  used on input line 289.
(pdftex.def)             Requested size: 409.73198pt x 142.26761pt.

Underfull \hbox (badness 10000) in paragraph at lines 307--308

 []


Underfull \hbox (badness 10000) in paragraph at lines 311--312

 []


Underfull \hbox (badness 10000) in paragraph at lines 313--314

 []


Underfull \hbox (badness 10000) in paragraph at lines 318--320

 []


Underfull \hbox (badness 10000) in paragraph at lines 322--323

 []


Underfull \hbox (badness 10000) in paragraph at lines 334--335

 []


Underfull \hbox (badness 10000) in paragraph at lines 340--341

 []


Underfull \hbox (badness 10000) in paragraph at lines 342--343

 []


Underfull \hbox (badness 10000) in paragraph at lines 344--345

 []


Underfull \hbox (badness 10000) in paragraph at lines 346--347

 []

[68 <./chap4.images/raf consulter chauf.png>]
<chap4.images/taches activité.png, id=1235, 3917.13437pt x 3262.1875pt>
File: chap4.images/taches activité.png Graphic file (type png)
<use chap4.images/taches activité.png>
Package pdftex.def Info: chap4.images/taches activité.png  used on input line 362.
(pdftex.def)             Requested size: 409.66756pt x 284.52481pt.
 [69 <./chap4.images/taches activité.png>]
<chap4.images/raf consulter mec.png, id=1241, 468.24937pt x 198.7425pt>
File: chap4.images/raf consulter mec.png Graphic file (type png)
<use chap4.images/raf consulter mec.png>
Package pdftex.def Info: chap4.images/raf consulter mec.png  used on input line 374.
(pdftex.def)             Requested size: 409.73862pt x 142.26659pt.

Underfull \hbox (badness 10000) in paragraph at lines 392--393

 []


Underfull \hbox (badness 10000) in paragraph at lines 396--397

 []


Underfull \hbox (badness 10000) in paragraph at lines 398--399

 []


Underfull \hbox (badness 10000) in paragraph at lines 403--404

 []


Underfull \hbox (badness 10000) in paragraph at lines 406--407

 []


Underfull \hbox (badness 10000) in paragraph at lines 419--420

 []


Underfull \hbox (badness 10000) in paragraph at lines 421--422

 []


Underfull \hbox (badness 10000) in paragraph at lines 427--428

 []


Underfull \hbox (badness 10000) in paragraph at lines 429--430

 []


Underfull \hbox (badness 10000) in paragraph at lines 431--432

 []


Underfull \hbox (badness 10000) in paragraph at lines 433--434

 []

[70 <./chap4.images/raf consulter mec.png>] [71]
<chap4.images/creer taches.png, id=1251, 1442.38875pt x 709.90219pt>
File: chap4.images/creer taches.png Graphic file (type png)
<use chap4.images/creer taches.png>
Package pdftex.def Info: chap4.images/creer taches.png  used on input line 464.
(pdftex.def)             Requested size: 409.71692pt x 201.64178pt.
 [72 <./chap4.images/creer taches.png>]
<chap4.images/Création des taches chauff.png, id=1257, 1926.19624pt x 949.5475pt>
File: chap4.images/Création des taches chauff.png Graphic file (type png)
<use chap4.images/Création des taches chauff.png>
Package pdftex.def Info: chap4.images/Création des taches chauff.png  used on input line 476.
(pdftex.def)             Requested size: 409.71692pt x 201.97539pt.
<chap4.images/Création des taches mec.png, id=1258, 1925.1925pt x 940.51375pt>
File: chap4.images/Création des taches mec.png Graphic file (type png)
<use chap4.images/Création des taches mec.png>
Package pdftex.def Info: chap4.images/Création des taches mec.png  used on input line 484.
(pdftex.def)             Requested size: 409.71692pt x 200.15431pt.
 [73 <./chap4.images/Création des taches chauff.png> <./chap4.images/Création des taches mec.png>]
<chap4.images/consultation du checklist.png, id=1266, 998.73125pt x 2122.42938pt>
File: chap4.images/consultation du checklist.png Graphic file (type png)
<use chap4.images/consultation du checklist.png>
Package pdftex.def Info: chap4.images/consultation du checklist.png  used on input line 501.
(pdftex.def)             Requested size: 142.03113pt x 199.13919pt.
<chap4.images/consulation des taches.png, id=1267, 972.63374pt x 2084.78876pt>
File: chap4.images/consulation des taches.png Graphic file (type png)
<use chap4.images/consulation des taches.png>
Package pdftex.def Info: chap4.images/consulation des taches.png  used on input line 518.
(pdftex.def)             Requested size: 142.03006pt x 199.13857pt.
 [74 <./chap4.images/consultation du checklist.png> <./chap4.images/consulation des taches.png>]
<chap4.images/Burndown chart sprint 2.png, id=1274, 950.04938pt x 529.22719pt>
File: chap4.images/Burndown chart sprint 2.png Graphic file (type png)
<use chap4.images/Burndown chart sprint 2.png>
Package pdftex.def Info: chap4.images/Burndown chart sprint 2.png  used on input line 538.
(pdftex.def)             Requested size: 455.2502pt x 241.84854pt.
<chap4.images/task board sprint 2.png, id=1275, 630.10406pt x 384.6872pt>
File: chap4.images/task board sprint 2.png Graphic file (type png)
<use chap4.images/task board sprint 2.png>
Package pdftex.def Info: chap4.images/task board sprint 2.png  used on input line 551.
(pdftex.def)             Requested size: 409.71661pt x 241.85527pt.
 [75 <./chap4.images/Burndown chart sprint 2.png> <./chap4.images/task board sprint 2.png>]
<chap4.images/source test.png, id=1282, 936.49875pt x 522.45187pt>
File: chap4.images/source test.png Graphic file (type png)
<use chap4.images/source test.png>
Package pdftex.def Info: chap4.images/source test.png  used on input line 573.
(pdftex.def)             Requested size: 364.20418pt x 199.17152pt.
<chap4.images/reussite.png, id=1283, 1122.44344pt x 639.89063pt>
File: chap4.images/reussite.png Graphic file (type png)
<use chap4.images/reussite.png>
Package pdftex.def Info: chap4.images/reussite.png  used on input line 581.
(pdftex.def)             Requested size: 364.19035pt x 199.16467pt.
<chap4.images/echec.png, id=1284, 1120.9378pt x 636.87938pt>
File: chap4.images/echec.png Graphic file (type png)
<use chap4.images/echec.png>
Package pdftex.def Info: chap4.images/echec.png  used on input line 588.
(pdftex.def)             Requested size: 364.19785pt x 199.17007pt.


LaTeX Warning: `!h' float specifier changed to `!ht'.

[76 <./chap4.images/source test.png> <./chap4.images/reussite.png>]) (chap5.tex [77 <./chap4.images/echec.png>]
Chapitre 5.

Underfull \hbox (badness 10000) in paragraph at lines 18--19
[]|
 []


Overfull \hbox (0.50194pt too wide) in paragraph at lines 18--19
\T1/lmr/bx/n/10.95 (-20) Story
 []


Overfull \hbox (4.5241pt too wide) in paragraph at lines 18--19
\T1/lmr/bx/n/10.95 (-20) points| 
 []


Overfull \hbox (14.6973pt too wide) in paragraph at lines 16--30
 [][] 
 []

[78

]
<chap5.images/dcu global sprint 3.png, id=1300, 3797.18625pt x 3424.795pt>
File: chap5.images/dcu global sprint 3.png Graphic file (type png)
<use chap5.images/dcu global sprint 3.png>
Package pdftex.def Info: chap5.images/dcu global sprint 3.png  used on input line 47.
(pdftex.def)             Requested size: 455.2371pt x 398.31122pt.
 [79 <./chap5.images/dcu global sprint 3.png>]
Underfull \hbox (badness 10000) in paragraph at lines 67--68

 []


Underfull \hbox (badness 10000) in paragraph at lines 69--70

 []


Underfull \hbox (badness 10000) in paragraph at lines 75--77

 []


Underfull \hbox (badness 10000) in paragraph at lines 78--79

 []


Underfull \hbox (badness 10000) in paragraph at lines 82--83

 []


Underfull \hbox (badness 10000) in paragraph at lines 84--85

 []


Underfull \hbox (badness 10000) in paragraph at lines 86--87

 []


Underfull \hbox (badness 10000) in paragraph at lines 88--89

 []


Underfull \hbox (badness 10000) in paragraph at lines 92--93

 []


Underfull \hbox (badness 10000) in paragraph at lines 110--111

 []


Underfull \hbox (badness 10000) in paragraph at lines 114--115

 []


Underfull \hbox (badness 10000) in paragraph at lines 121--122

 []


Underfull \hbox (badness 10000) in paragraph at lines 123--124

 []


Underfull \hbox (badness 10000) in paragraph at lines 125--126

 []

[80] [81]
Underfull \hbox (badness 10000) in paragraph at lines 156--157

 []


Underfull \hbox (badness 10000) in paragraph at lines 158--159

 []


Underfull \hbox (badness 10000) in paragraph at lines 162--163

 []


Underfull \hbox (badness 10000) in paragraph at lines 164--165

 []


Underfull \hbox (badness 10000) in paragraph at lines 166--167

 []

[82]
Underfull \hbox (badness 10000) in paragraph at lines 191--192

 []


Underfull \hbox (badness 10000) in paragraph at lines 199--200

 []


Underfull \hbox (badness 10000) in paragraph at lines 201--202

 []

<chap5.images/notif activité.png, id=1319, 3403.71625pt x 3539.2225pt>
File: chap5.images/notif activité.png Graphic file (type png)
<use chap5.images/notif activité.png>
Package pdftex.def Info: chap5.images/notif activité.png  used on input line 217.
(pdftex.def)             Requested size: 455.22308pt x 227.57335pt.
[83 <./chap5.images/notif activité.png>]
<chap5.images/raff generer rapport.png, id=1325, 3734.95375pt x 1456.44125pt>
File: chap5.images/raff generer rapport.png Graphic file (type png)
<use chap5.images/raff generer rapport.png>
Package pdftex.def Info: chap5.images/raff generer rapport.png  used on input line 230.
(pdftex.def)             Requested size: 455.24197pt x 156.47548pt.

Underfull \hbox (badness 10000) in paragraph at lines 249--250

 []


Underfull \hbox (badness 1270) in paragraph at lines 253--254
[]|\T1/lmr/m/n/10.95 (+20) 1- Le m-ca-ni-cien s'au-then-ti-fie dans l'ap-pli-ca-tion
 []


Underfull \hbox (badness 10000) in paragraph at lines 253--254

 []


Underfull \hbox (badness 10000) in paragraph at lines 255--256

 []


Underfull \hbox (badness 10000) in paragraph at lines 257--258

 []


Underfull \hbox (badness 10000) in paragraph at lines 259--260

 []


Underfull \hbox (badness 10000) in paragraph at lines 261--262

 []

[84 <./chap5.images/raff generer rapport.png>]
Underfull \hbox (badness 10000) in paragraph at lines 279--280

 []


Underfull \hbox (badness 10000) in paragraph at lines 281--282

 []


Underfull \hbox (badness 10000) in paragraph at lines 283--284

 []

<chap5.images/dss rapport.png, id=1331, 2826.56pt x 2810.5pt>
File: chap5.images/dss rapport.png Graphic file (type png)
<use chap5.images/dss rapport.png>
Package pdftex.def Info: chap5.images/dss rapport.png  used on input line 297.
(pdftex.def)             Requested size: 455.2348pt x 398.3133pt.
[85 <./chap5.images/dss rapport.png>] [86]
<chap5.images/map weeeb.png, id=1342, 1925.1925pt x 939.51pt>
File: chap5.images/map weeeb.png Graphic file (type png)
<use chap5.images/map weeeb.png>
Package pdftex.def Info: chap5.images/map weeeb.png  used on input line 321.
(pdftex.def)             Requested size: 409.70755pt x 199.16656pt.
<chap5.images/trajettt.png, id=1343, 1001.24063pt x 2148.52687pt>
File: chap5.images/trajettt.png Graphic file (type png)
<use chap5.images/trajettt.png>
Package pdftex.def Info: chap5.images/trajettt.png  used on input line 331.
(pdftex.def)             Requested size: 142.0366pt x 199.16182pt.
 [87 <./chap5.images/map weeeb.png> <./chap5.images/trajettt.png>]
<chap5.images/mazout.png, id=1350, 1003.75pt x 2151.03625pt>
File: chap5.images/mazout.png Graphic file (type png)
<use chap5.images/mazout.png>
Package pdftex.def Info: chap5.images/mazout.png  used on input line 354.
(pdftex.def)             Requested size: 142.02501pt x 199.16467pt.
<chap5.images/notif web.png, id=1351, 867.99281pt x 707.64375pt>
File: chap5.images/notif web.png Graphic file (type png)
<use chap5.images/notif web.png>
Package pdftex.def Info: chap5.images/notif web.png  used on input line 371.
(pdftex.def)             Requested size: 282.25325pt x 170.71259pt.
<chap5.images/notif mobile.png, id=1352, 983.675pt x 2134.47438pt>
File: chap5.images/notif mobile.png Graphic file (type png)
<use chap5.images/notif mobile.png>
Package pdftex.def Info: chap5.images/notif mobile.png  used on input line 377.
(pdftex.def)             Requested size: 127.46196pt x 170.6963pt.
 [88 <./chap5.images/mazout.png> <./chap5.images/notif web.png> <./chap5.images/notif mobile.png>]
<chap5.images/r1.png, id=1360, 1836.36063pt x 2829.57124pt>
File: chap5.images/r1.png Graphic file (type png)
<use chap5.images/r1.png>
Package pdftex.def Info: chap5.images/r1.png  used on input line 396.
(pdftex.def)             Requested size: 124.27122pt x 159.31842pt.
<chap5.images/r2.png, id=1361, 2499.83937pt x 3259.67813pt>
File: chap5.images/r2.png Graphic file (type png)
<use chap5.images/r2.png>
Package pdftex.def Info: chap5.images/r2.png  used on input line 410.
(pdftex.def)             Requested size: 124.27454pt x 159.31279pt.
<chap5.images/r3.png, id=1362, 2275.50125pt x 3225.04875pt>
File: chap5.images/r3.png Graphic file (type png)
<use chap5.images/r3.png>
Package pdftex.def Info: chap5.images/r3.png  used on input line 424.
(pdftex.def)             Requested size: 124.26756pt x 159.29347pt.
 [89 <./chap5.images/r1.png> <./chap5.images/r2.png> <./chap5.images/r3.png>]
<chap5.images/Burndown chart sprint 3.png, id=1370, 877.77937pt x 485.56406pt>
File: chap5.images/Burndown chart sprint 3.png Graphic file (type png)
<use chap5.images/Burndown chart sprint 3.png>
Package pdftex.def Info: chap5.images/Burndown chart sprint 3.png  used on input line 438.
(pdftex.def)             Requested size: 455.25586pt x 241.84789pt.
<chap5.images/task board sprint 3.png, id=1371, 675.27281pt x 258.9675pt>
File: chap5.images/task board sprint 3.png Graphic file (type png)
<use chap5.images/task board sprint 3.png>
Package pdftex.def Info: chap5.images/task board sprint 3.png  used on input line 449.
(pdftex.def)             Requested size: 455.25368pt x 156.496pt.

Underfull \hbox (badness 10000) in paragraph at lines 457--460

 []

[90 <./chap5.images/Burndown chart sprint 3.png> <./chap5.images/task board sprint 3.png>]
<chap5.images/source test sprint 3.png, id=1378, 1497.595pt x 507.8975pt>
File: chap5.images/source test sprint 3.png Graphic file (type png)
<use chap5.images/source test sprint 3.png>
Package pdftex.def Info: chap5.images/source test sprint 3.png  used on input line 470.
(pdftex.def)             Requested size: 364.18324pt x 199.16422pt.
<chap5.images/succes sprint 3.png, id=1379, 1495.5875pt x 787.94376pt>
File: chap5.images/succes sprint 3.png Graphic file (type png)
<use chap5.images/succes sprint 3.png>
Package pdftex.def Info: chap5.images/succes sprint 3.png  used on input line 478.
(pdftex.def)             Requested size: 364.19711pt x 199.16162pt.
<chap5.images/fail sprint 3.png, id=1380, 1489.565pt x 770.88pt>
File: chap5.images/fail sprint 3.png Graphic file (type png)
<use chap5.images/fail sprint 3.png>
Package pdftex.def Info: chap5.images/fail sprint 3.png  used on input line 485.
(pdftex.def)             Requested size: 364.1852pt x 199.16547pt.


LaTeX Warning: `!h' float specifier changed to `!ht'.

[91 <./chap5.images/source test sprint 3.png> <./chap5.images/succes sprint 3.png>] [92 <./chap5.images/fail sprint 3.png>] (main.aux)
 ***********
LaTeX2e <2023-11-01> patch level 1
L3 programming layer <2024-04-11>
 ***********
Package rerunfilecheck Info: File `main.out' has not changed.
(rerunfilecheck)             Checksum: D6D12E0F95489DF54B67212017B21E02;26970.
 ) ) 
Here is how much of TeX's memory you used:
 28807 strings out of 474370
 528180 string characters out of 5756951
 1945754 words of memory out of 5000000
 50165 multiletter control sequences out of 15000+600000
 615798 words of font info for 162 fonts, out of 8000000 for 9000
 1141 hyphenation exceptions out of 8191
 75i,12n,79p,1216b,727s stack positions out of 10000i,1000n,20000p,200000b,200000s
<C:/MiKTeX/fonts/type1/public/lm/lmbx10.pfb><C:/MiKTeX/fonts/type1/public/lm/lmbx12.pfb><C:/MiKTeX/fonts/type1/public/lm/lmcsc10.pfb><C:/MiKTeX/fonts/type1/public/lm/lmr10.pfb><C:/MiKTeX/fonts/type1/public/lm/lmr9.pfb><C:/MiKTeX/fonts/type1/public/lm/lmsy10.pfb><C:/MiKTeX/fonts/type1/public/amsfonts/symbols/msam10.pfb>
Output written on main.pdf (92 pages, 61308957 bytes).
PDF statistics:
 1496 PDF objects out of 1728 (max. 8388607)
 324 named destinations out of 1000 (max. 500000)
 32130 words of extra memory for PDF output out of 35830 (max. 10000000)

